{"/home/travis/build/npmtest/node-npmtest-node-wit/test.js":{"path":"/home/travis/build/npmtest/node-npmtest-node-wit/test.js","s":{"1":2,"2":2,"3":2,"4":2,"5":2,"6":2,"7":2,"8":1,"9":2,"10":2,"11":1,"12":1,"13":1,"14":1,"15":2,"16":2,"17":2,"18":2,"19":1,"20":1,"21":2,"22":2,"23":2,"24":1,"25":1,"26":1,"27":1,"28":1,"29":1,"30":1,"31":1,"32":1,"33":1,"34":1,"35":1,"36":1,"37":1,"38":1,"39":2,"40":2,"41":1,"42":2,"43":2,"44":1,"45":2,"46":2,"47":1,"48":2,"49":2,"50":1,"51":1,"52":1,"53":1,"54":1},"b":{"1":[2,1,1,1],"2":[1,1,1,1],"3":[1,1],"4":[1,1],"5":[1,1],"6":[1,1],"7":[1,1],"8":[1,1],"9":[1,1],"10":[1,1,1],"11":[1,1],"12":[1,1],"13":[1,1],"14":[1,1],"15":[1,1],"16":[1,1],"17":[1,1]},"f":{"1":2,"2":2,"3":2,"4":2,"5":2,"6":1,"7":1,"8":1,"9":2,"10":2,"11":2,"12":2,"13":1},"fnMap":{"1":{"name":"(anonymous_1)","line":12,"loc":{"start":{"line":12,"column":1},"end":{"line":12,"column":13}}},"2":{"name":"(anonymous_2)","line":19,"loc":{"start":{"line":19,"column":5},"end":{"line":19,"column":17}}},"3":{"name":"(anonymous_3)","line":23,"loc":{"start":{"line":23,"column":24},"end":{"line":23,"column":36}}},"4":{"name":"(anonymous_4)","line":61,"loc":{"start":{"line":61,"column":5},"end":{"line":61,"column":17}}},"5":{"name":"(anonymous_5)","line":82,"loc":{"start":{"line":82,"column":5},"end":{"line":82,"column":17}}},"6":{"name":"(anonymous_6)","line":91,"loc":{"start":{"line":91,"column":77},"end":{"line":94,"column":10}}},"7":{"name":"(anonymous_7)","line":112,"loc":{"start":{"line":112,"column":83},"end":{"line":115,"column":10}},"skip":true},"8":{"name":"(anonymous_8)","line":123,"loc":{"start":{"line":123,"column":77},"end":{"line":126,"column":10}},"skip":true},"9":{"name":"(anonymous_9)","line":139,"loc":{"start":{"line":139,"column":12},"end":{"line":139,"column":40}},"skip":true},"10":{"name":"(anonymous_10)","line":147,"loc":{"start":{"line":147,"column":77},"end":{"line":150,"column":10}},"skip":true},"11":{"name":"(anonymous_11)","line":158,"loc":{"start":{"line":158,"column":83},"end":{"line":161,"column":10}},"skip":true},"12":{"name":"(anonymous_12)","line":169,"loc":{"start":{"line":169,"column":79},"end":{"line":172,"column":10}},"skip":true},"13":{"name":"(anonymous_13)","line":180,"loc":{"start":{"line":180,"column":75},"end":{"line":183,"column":10}},"skip":true}},"statementMap":{"1":{"start":{"line":12,"column":0},"end":{"line":195,"column":5}},"2":{"start":{"line":14,"column":4},"end":{"line":14,"column":14}},"3":{"start":{"line":19,"column":4},"end":{"line":56,"column":9}},"4":{"start":{"line":21,"column":8},"end":{"line":21,"column":19}},"5":{"start":{"line":23,"column":8},"end":{"line":35,"column":13}},"6":{"start":{"line":24,"column":12},"end":{"line":34,"column":13}},"7":{"start":{"line":25,"column":16},"end":{"line":28,"column":30}},"8":{"start":{"line":30,"column":16},"end":{"line":33,"column":27}},"9":{"start":{"line":37,"column":8},"end":{"line":39,"column":21}},"10":{"start":{"line":40,"column":8},"end":{"line":53,"column":9}},"11":{"start":{"line":43,"column":12},"end":{"line":46,"column":14}},"12":{"start":{"line":47,"column":12},"end":{"line":47,"column":18}},"13":{"start":{"line":50,"column":12},"end":{"line":51,"column":33}},"14":{"start":{"line":52,"column":12},"end":{"line":52,"column":18}},"15":{"start":{"line":55,"column":8},"end":{"line":55,"column":35}},"16":{"start":{"line":61,"column":4},"end":{"line":63,"column":9}},"17":{"start":{"line":62,"column":8},"end":{"line":62,"column":15}},"18":{"start":{"line":64,"column":4},"end":{"line":77,"column":5}},"19":{"start":{"line":70,"column":8},"end":{"line":70,"column":14}},"20":{"start":{"line":76,"column":8},"end":{"line":76,"column":14}},"21":{"start":{"line":82,"column":4},"end":{"line":84,"column":9}},"22":{"start":{"line":83,"column":8},"end":{"line":83,"column":15}},"23":{"start":{"line":85,"column":4},"end":{"line":194,"column":5}},"24":{"start":{"line":91,"column":8},"end":{"line":99,"column":10}},"25":{"start":{"line":98,"column":12},"end":{"line":98,"column":35}},"26":{"start":{"line":102,"column":8},"end":{"line":104,"column":63}},"27":{"start":{"line":105,"column":8},"end":{"line":105,"column":14}},"28":{"start":{"line":112,"column":8},"end":{"line":121,"column":10},"skip":true},"29":{"start":{"line":119,"column":12},"end":{"line":119,"column":55},"skip":true},"30":{"start":{"line":120,"column":12},"end":{"line":120,"column":48},"skip":true},"31":{"start":{"line":123,"column":8},"end":{"line":136,"column":10},"skip":true},"32":{"start":{"line":130,"column":12},"end":{"line":130,"column":76},"skip":true},"33":{"start":{"line":131,"column":12},"end":{"line":131,"column":73},"skip":true},"34":{"start":{"line":132,"column":12},"end":{"line":132,"column":74},"skip":true},"35":{"start":{"line":133,"column":12},"end":{"line":133,"column":79},"skip":true},"36":{"start":{"line":134,"column":12},"end":{"line":134,"column":25},"skip":true},"37":{"start":{"line":135,"column":12},"end":{"line":135,"column":45},"skip":true},"38":{"start":{"line":138,"column":8},"end":{"line":145,"column":14},"skip":true},"39":{"start":{"line":143,"column":16},"end":{"line":143,"column":29},"skip":true},"40":{"start":{"line":144,"column":16},"end":{"line":144,"column":55},"skip":true},"41":{"start":{"line":147,"column":8},"end":{"line":156,"column":10},"skip":true},"42":{"start":{"line":154,"column":12},"end":{"line":154,"column":25},"skip":true},"43":{"start":{"line":155,"column":12},"end":{"line":155,"column":45},"skip":true},"44":{"start":{"line":158,"column":8},"end":{"line":167,"column":10},"skip":true},"45":{"start":{"line":165,"column":12},"end":{"line":165,"column":25},"skip":true},"46":{"start":{"line":166,"column":12},"end":{"line":166,"column":48},"skip":true},"47":{"start":{"line":169,"column":8},"end":{"line":178,"column":10},"skip":true},"48":{"start":{"line":176,"column":12},"end":{"line":176,"column":25},"skip":true},"49":{"start":{"line":177,"column":12},"end":{"line":177,"column":46},"skip":true},"50":{"start":{"line":180,"column":8},"end":{"line":189,"column":10},"skip":true},"51":{"start":{"line":187,"column":12},"end":{"line":187,"column":94},"skip":true},"52":{"start":{"line":188,"column":12},"end":{"line":188,"column":48},"skip":true},"53":{"start":{"line":192,"column":8},"end":{"line":192,"column":35},"skip":true},"54":{"start":{"line":193,"column":8},"end":{"line":193,"column":14},"skip":true}},"branchMap":{"1":{"line":25,"type":"binary-expr","locations":[{"start":{"line":25,"column":23},"end":{"line":25,"column":62}},{"start":{"line":26,"column":20},"end":{"line":26,"column":70}},{"start":{"line":27,"column":20},"end":{"line":27,"column":71}},{"start":{"line":28,"column":20},"end":{"line":28,"column":29}}]},"2":{"line":30,"type":"binary-expr","locations":[{"start":{"line":30,"column":23},"end":{"line":30,"column":37}},{"start":{"line":31,"column":20},"end":{"line":31,"column":61}},{"start":{"line":32,"column":20},"end":{"line":32,"column":70}},{"start":{"line":33,"column":20},"end":{"line":33,"column":26}}]},"3":{"line":37,"type":"cond-expr","locations":[{"start":{"line":38,"column":14},"end":{"line":38,"column":20}},{"start":{"line":39,"column":14},"end":{"line":39,"column":20}}]},"4":{"line":40,"type":"switch","locations":[{"start":{"line":42,"column":8},"end":{"line":47,"column":18}},{"start":{"line":49,"column":8},"end":{"line":52,"column":18}}]},"5":{"line":44,"type":"binary-expr","locations":[{"start":{"line":44,"column":16},"end":{"line":44,"column":44}},{"start":{"line":44,"column":48},"end":{"line":44,"column":66}}]},"6":{"line":50,"type":"binary-expr","locations":[{"start":{"line":50,"column":21},"end":{"line":50,"column":49}},{"start":{"line":50,"column":53},"end":{"line":50,"column":72}}]},"7":{"line":64,"type":"switch","locations":[{"start":{"line":69,"column":4},"end":{"line":70,"column":14}},{"start":{"line":75,"column":4},"end":{"line":76,"column":14}}]},"8":{"line":85,"type":"switch","locations":[{"start":{"line":90,"column":4},"end":{"line":105,"column":14}},{"start":{"line":111,"column":4},"end":{"line":193,"column":14},"skip":true}]},"9":{"line":91,"type":"binary-expr","locations":[{"start":{"line":91,"column":42},"end":{"line":91,"column":73}},{"start":{"line":91,"column":77},"end":{"line":99,"column":9}}]},"10":{"line":102,"type":"binary-expr","locations":[{"start":{"line":102,"column":18},"end":{"line":102,"column":32}},{"start":{"line":103,"column":12},"end":{"line":103,"column":53}},{"start":{"line":104,"column":12},"end":{"line":104,"column":61}}]},"11":{"line":112,"type":"binary-expr","locations":[{"start":{"line":112,"column":45},"end":{"line":112,"column":79},"skip":true},{"start":{"line":112,"column":83},"end":{"line":121,"column":9},"skip":true}]},"12":{"line":123,"type":"binary-expr","locations":[{"start":{"line":123,"column":42},"end":{"line":123,"column":73},"skip":true},{"start":{"line":123,"column":77},"end":{"line":136,"column":9},"skip":true}]},"13":{"line":138,"type":"binary-expr","locations":[{"start":{"line":138,"column":48},"end":{"line":138,"column":85},"skip":true},{"start":{"line":139,"column":12},"end":{"line":145,"column":13},"skip":true}]},"14":{"line":147,"type":"binary-expr","locations":[{"start":{"line":147,"column":42},"end":{"line":147,"column":73},"skip":true},{"start":{"line":147,"column":77},"end":{"line":156,"column":9},"skip":true}]},"15":{"line":158,"type":"binary-expr","locations":[{"start":{"line":158,"column":45},"end":{"line":158,"column":79},"skip":true},{"start":{"line":158,"column":83},"end":{"line":167,"column":9},"skip":true}]},"16":{"line":169,"type":"binary-expr","locations":[{"start":{"line":169,"column":43},"end":{"line":169,"column":75},"skip":true},{"start":{"line":169,"column":79},"end":{"line":178,"column":9},"skip":true}]},"17":{"line":180,"type":"binary-expr","locations":[{"start":{"line":180,"column":41},"end":{"line":180,"column":71},"skip":true},{"start":{"line":180,"column":75},"end":{"line":189,"column":9},"skip":true}]}},"code":["/* istanbul instrument in package npmtest_node_wit */","/*jslint","    bitwise: true,","    browser: true,","    maxerr: 8,","    maxlen: 96,","    node: true,","    nomen: true,","    regexp: true,","    stupid: true","*/","(function () {","    'use strict';","    var local;","","","","    // run shared js-env code - init-before","    (function () {","        // init local","        local = {};","        // init modeJs","        local.modeJs = (function () {","            try {","                return typeof navigator.userAgent === 'string' &&","                    typeof document.querySelector('body') === 'object' &&","                    typeof XMLHttpRequest.prototype.open === 'function' &&","                    'browser';","            } catch (errorCaughtBrowser) {","                return module.exports &&","                    typeof process.versions.node === 'string' &&","                    typeof require('http').createServer === 'function' &&","                    'node';","            }","        }());","        // init global","        local.global = local.modeJs === 'browser'","            ? window","            : global;","        switch (local.modeJs) {","        // re-init local from window.local","        case 'browser':","            local = local.global.utility2.objectSetDefault(","                local.global.utility2_rollup || local.global.local,","                local.global.utility2","            );","            break;","        // re-init local from example.js","        case 'node':","            local = (local.global.utility2_rollup || require('utility2'))","                .requireReadme();","            break;","        }","        // export local","        local.global.local = local;","    }());","","","","    // run shared js-env code - function","    (function () {","        return;","    }());","    switch (local.modeJs) {","","","","    // run browser js-env code - function","    case 'browser':","        break;","","","","    // run node js-env code - function","    case 'node':","        break;","    }","","","","    // run shared js-env code - init-after","    (function () {","        return;","    }());","    switch (local.modeJs) {","","","","    // run browser js-env code - init-after","    case 'browser':","        local.testCase_browser_nullCase = local.testCase_browser_nullCase || function (","            options,","            onError","        ) {","        /*","         * this function will test browsers's null-case handling-behavior-behavior","         */","            onError(null, options);","        };","","        // run tests","        local.nop(local.modeTest &&","            document.querySelector('#testRunButton1') &&","            document.querySelector('#testRunButton1').click());","        break;","","","","    // run node js-env code - init-after","    /* istanbul ignore next */","    case 'node':","        local.testCase_buildApidoc_default = local.testCase_buildApidoc_default || function (","            options,","            onError","        ) {","        /*","         * this function will test buildApidoc's default handling-behavior-behavior","         */","            options = { modulePathList: module.paths };","            local.buildApidoc(options, onError);","        };","","        local.testCase_buildApp_default = local.testCase_buildApp_default || function (","            options,","            onError","        ) {","        /*","         * this function will test buildApp's default handling-behavior-behavior","         */","            local.testCase_buildReadme_default(options, local.onErrorThrow);","            local.testCase_buildLib_default(options, local.onErrorThrow);","            local.testCase_buildTest_default(options, local.onErrorThrow);","            local.testCase_buildCustomOrg_default(options, local.onErrorThrow);","            options = [];","            local.buildApp(options, onError);","        };","","        local.testCase_buildCustomOrg_default = local.testCase_buildCustomOrg_default ||","            function (options, onError) {","            /*","             * this function will test buildCustomOrg's default handling-behavior","             */","                options = {};","                local.buildCustomOrg(options, onError);","            };","","        local.testCase_buildLib_default = local.testCase_buildLib_default || function (","            options,","            onError","        ) {","        /*","         * this function will test buildLib's default handling-behavior","         */","            options = {};","            local.buildLib(options, onError);","        };","","        local.testCase_buildReadme_default = local.testCase_buildReadme_default || function (","            options,","            onError","        ) {","        /*","         * this function will test buildReadme's default handling-behavior-behavior","         */","            options = {};","            local.buildReadme(options, onError);","        };","","        local.testCase_buildTest_default = local.testCase_buildTest_default || function (","            options,","            onError","        ) {","        /*","         * this function will test buildTest's default handling-behavior","         */","            options = {};","            local.buildTest(options, onError);","        };","","        local.testCase_webpage_default = local.testCase_webpage_default || function (","            options,","            onError","        ) {","        /*","         * this function will test webpage's default handling-behavior","         */","            options = { modeCoverageMerge: true, url: local.serverLocalHost + '?modeTest=1' };","            local.browserTest(options, onError);","        };","","        // run test-server","        local.testRunServer(local);","        break;","    }","}());",""],"l":{"12":2,"14":2,"19":2,"21":2,"23":2,"24":2,"25":2,"30":1,"37":2,"40":2,"43":1,"47":1,"50":1,"52":1,"55":2,"61":2,"62":2,"64":2,"70":1,"76":1,"82":2,"83":2,"85":2,"91":1,"98":1,"102":1,"105":1,"112":1,"119":1,"120":1,"123":1,"130":1,"131":1,"132":1,"133":1,"134":1,"135":1,"138":1,"143":2,"144":2,"147":1,"154":2,"155":2,"158":1,"165":2,"166":2,"169":1,"176":2,"177":2,"180":1,"187":1,"188":1,"192":1,"193":1}},"/home/travis/build/npmtest/node-npmtest-node-wit/lib.npmtest_node_wit.js":{"path":"/home/travis/build/npmtest/node-npmtest-node-wit/lib.npmtest_node_wit.js","s":{"1":2,"2":2,"3":2,"4":2,"5":2,"6":2,"7":2,"8":1,"9":2,"10":2,"11":2,"12":2,"13":1,"14":1,"15":1,"16":1},"b":{"1":[2,1,1,1],"2":[1,1,1,1],"3":[1,1],"4":[2,2],"5":[1,1]},"f":{"1":2,"2":2,"3":2},"fnMap":{"1":{"name":"(anonymous_1)","line":12,"loc":{"start":{"line":12,"column":1},"end":{"line":12,"column":13}}},"2":{"name":"(anonymous_2)","line":19,"loc":{"start":{"line":19,"column":5},"end":{"line":19,"column":17}}},"3":{"name":"(anonymous_3)","line":23,"loc":{"start":{"line":23,"column":24},"end":{"line":23,"column":36}}}},"statementMap":{"1":{"start":{"line":12,"column":0},"end":{"line":53,"column":5}},"2":{"start":{"line":14,"column":4},"end":{"line":14,"column":14}},"3":{"start":{"line":19,"column":4},"end":{"line":52,"column":9}},"4":{"start":{"line":21,"column":8},"end":{"line":21,"column":19}},"5":{"start":{"line":23,"column":8},"end":{"line":35,"column":13}},"6":{"start":{"line":24,"column":12},"end":{"line":34,"column":13}},"7":{"start":{"line":25,"column":16},"end":{"line":28,"column":30}},"8":{"start":{"line":30,"column":16},"end":{"line":33,"column":27}},"9":{"start":{"line":37,"column":8},"end":{"line":39,"column":21}},"10":{"start":{"line":41,"column":8},"end":{"line":41,"column":54}},"11":{"start":{"line":43,"column":8},"end":{"line":43,"column":53}},"12":{"start":{"line":45,"column":8},"end":{"line":51,"column":9}},"13":{"start":{"line":46,"column":12},"end":{"line":46,"column":59}},"14":{"start":{"line":48,"column":12},"end":{"line":48,"column":35}},"15":{"start":{"line":49,"column":12},"end":{"line":49,"column":49}},"16":{"start":{"line":50,"column":12},"end":{"line":50,"column":43}}},"branchMap":{"1":{"line":25,"type":"binary-expr","locations":[{"start":{"line":25,"column":23},"end":{"line":25,"column":62}},{"start":{"line":26,"column":20},"end":{"line":26,"column":70}},{"start":{"line":27,"column":20},"end":{"line":27,"column":71}},{"start":{"line":28,"column":20},"end":{"line":28,"column":29}}]},"2":{"line":30,"type":"binary-expr","locations":[{"start":{"line":30,"column":23},"end":{"line":30,"column":37}},{"start":{"line":31,"column":20},"end":{"line":31,"column":61}},{"start":{"line":32,"column":20},"end":{"line":32,"column":70}},{"start":{"line":33,"column":20},"end":{"line":33,"column":26}}]},"3":{"line":37,"type":"cond-expr","locations":[{"start":{"line":38,"column":14},"end":{"line":38,"column":20}},{"start":{"line":39,"column":14},"end":{"line":39,"column":20}}]},"4":{"line":41,"type":"binary-expr","locations":[{"start":{"line":41,"column":16},"end":{"line":41,"column":44}},{"start":{"line":41,"column":48},"end":{"line":41,"column":53}}]},"5":{"line":45,"type":"if","locations":[{"start":{"line":45,"column":8},"end":{"line":45,"column":8}},{"start":{"line":45,"column":8},"end":{"line":45,"column":8}}]}},"code":["/* istanbul instrument in package npmtest_node_wit */","/*jslint","    bitwise: true,","    browser: true,","    maxerr: 8,","    maxlen: 96,","    node: true,","    nomen: true,","    regexp: true,","    stupid: true","*/","(function () {","    'use strict';","    var local;","","","","    // run shared js-env code - init-before","    (function () {","        // init local","        local = {};","        // init modeJs","        local.modeJs = (function () {","            try {","                return typeof navigator.userAgent === 'string' &&","                    typeof document.querySelector('body') === 'object' &&","                    typeof XMLHttpRequest.prototype.open === 'function' &&","                    'browser';","            } catch (errorCaughtBrowser) {","                return module.exports &&","                    typeof process.versions.node === 'string' &&","                    typeof require('http').createServer === 'function' &&","                    'node';","            }","        }());","        // init global","        local.global = local.modeJs === 'browser'","            ? window","            : global;","        // init utility2_rollup","        local = local.global.utility2_rollup || local;","        // init lib","        local.local = local.npmtest_node_wit = local;","        // init exports","        if (local.modeJs === 'browser') {","            local.global.utility2_npmtest_node_wit = local;","        } else {","            module.exports = local;","            module.exports.__dirname = __dirname;","            module.exports.module = module;","        }","    }());","}());",""],"l":{"12":2,"14":2,"19":2,"21":2,"23":2,"24":2,"25":2,"30":1,"37":2,"41":2,"43":2,"45":2,"46":1,"48":1,"49":1,"50":1}},"/home/travis/build/npmtest/node-npmtest-node-wit/example.js":{"path":"/home/travis/build/npmtest/node-npmtest-node-wit/example.js","s":{"1":2,"2":2,"3":2,"4":2,"5":2,"6":2,"7":2,"8":1,"9":2,"10":2,"11":2,"12":2,"13":1,"14":2,"15":2,"16":2,"17":2,"18":2,"19":0,"20":2,"21":1,"22":1,"23":1,"24":1,"25":1,"26":0,"27":0,"28":1,"29":1,"30":2,"31":0,"32":0,"33":0,"34":1,"35":2,"36":2,"37":3,"38":3,"39":3,"40":3,"41":0,"42":3,"43":3,"44":3,"45":1,"46":3,"47":1,"48":1,"49":1,"50":1,"51":1,"52":1,"53":1,"54":1,"55":1,"56":1,"57":0,"58":1,"59":6,"60":6,"61":1,"62":2,"63":0,"64":2,"65":1,"66":1,"67":0,"68":0,"69":0,"70":0,"71":0,"72":0,"73":0,"74":0,"75":0,"76":0,"77":0,"78":0,"79":0,"80":0,"81":0,"82":0,"83":0},"b":{"1":[2,1,1,1],"2":[1,1,1,1],"3":[1,1],"4":[2,2],"5":[1,1],"6":[1,1],"7":[2,0],"8":[2,1,1,1,1,1],"9":[0,2,0],"10":[1,1],"11":[2,1,1],"12":[1,0],"13":[0,2],"14":[2,0,0,0,0,0,0],"15":[0,3],"16":[3,0],"17":[1,1],"18":[0,1],"19":[1,2,0,2],"20":[1,0],"21":[1,1],"22":[0,0],"23":[0,0],"24":[0,0],"25":[0,0],"26":[0,0],"27":[0,0],"28":[0,0]},"f":{"1":2,"2":2,"3":2,"4":2,"5":2,"6":2,"7":3,"8":3,"9":3,"10":1,"11":6,"12":0},"fnMap":{"1":{"name":"(anonymous_1)","line":26,"loc":{"start":{"line":26,"column":1},"end":{"line":26,"column":13}}},"2":{"name":"(anonymous_2)","line":33,"loc":{"start":{"line":33,"column":5},"end":{"line":33,"column":17}}},"3":{"name":"(anonymous_3)","line":37,"loc":{"start":{"line":37,"column":24},"end":{"line":37,"column":36}}},"4":{"name":"(anonymous_4)","line":69,"loc":{"start":{"line":69,"column":31},"end":{"line":69,"column":48}},"skip":true},"5":{"name":"(anonymous_5)","line":78,"loc":{"start":{"line":78,"column":26},"end":{"line":78,"column":45}},"skip":true},"6":{"name":"(anonymous_6)","line":123,"loc":{"start":{"line":123,"column":33},"end":{"line":123,"column":48}},"skip":true},"7":{"name":"(anonymous_7)","line":125,"loc":{"start":{"line":125,"column":27},"end":{"line":125,"column":39}},"skip":true},"8":{"name":"(anonymous_8)","line":133,"loc":{"start":{"line":133,"column":59},"end":{"line":133,"column":74}},"skip":true},"9":{"name":"(anonymous_9)","line":143,"loc":{"start":{"line":143,"column":45},"end":{"line":143,"column":62}},"skip":true},"10":{"name":"(anonymous_10)","line":144,"loc":{"start":{"line":144,"column":73},"end":{"line":144,"column":92}},"skip":true},"11":{"name":"(anonymous_11)","line":272,"loc":{"start":{"line":272,"column":51},"end":{"line":272,"column":77}},"skip":true},"12":{"name":"(anonymous_12)","line":315,"loc":{"start":{"line":315,"column":32},"end":{"line":315,"column":61}},"skip":true}},"statementMap":{"1":{"start":{"line":26,"column":0},"end":{"line":326,"column":5}},"2":{"start":{"line":28,"column":4},"end":{"line":28,"column":14}},"3":{"start":{"line":33,"column":4},"end":{"line":60,"column":9}},"4":{"start":{"line":35,"column":8},"end":{"line":35,"column":19}},"5":{"start":{"line":37,"column":8},"end":{"line":49,"column":13}},"6":{"start":{"line":38,"column":12},"end":{"line":48,"column":13}},"7":{"start":{"line":39,"column":16},"end":{"line":42,"column":30}},"8":{"start":{"line":44,"column":16},"end":{"line":47,"column":27}},"9":{"start":{"line":51,"column":8},"end":{"line":53,"column":21}},"10":{"start":{"line":55,"column":8},"end":{"line":57,"column":45}},"11":{"start":{"line":59,"column":8},"end":{"line":59,"column":35}},"12":{"start":{"line":61,"column":4},"end":{"line":325,"column":5}},"13":{"start":{"line":69,"column":8},"end":{"line":121,"column":10},"skip":true},"14":{"start":{"line":70,"column":12},"end":{"line":88,"column":13},"skip":true},"15":{"start":{"line":76,"column":16},"end":{"line":87,"column":19},"skip":true},"16":{"start":{"line":79,"column":20},"end":{"line":86,"column":21},"skip":true},"17":{"start":{"line":82,"column":24},"end":{"line":82,"column":43},"skip":true},"18":{"start":{"line":83,"column":24},"end":{"line":83,"column":30},"skip":true},"19":{"start":{"line":85,"column":24},"end":{"line":85,"column":49},"skip":true},"20":{"start":{"line":89,"column":12},"end":{"line":107,"column":13},"skip":true},"21":{"start":{"line":92,"column":16},"end":{"line":102,"column":17},"skip":true},"22":{"start":{"line":93,"column":20},"end":{"line":93,"column":86},"skip":true},"23":{"start":{"line":94,"column":20},"end":{"line":95,"column":45},"skip":true},"24":{"start":{"line":96,"column":20},"end":{"line":96,"column":42},"skip":true},"25":{"start":{"line":97,"column":20},"end":{"line":97,"column":48},"skip":true},"26":{"start":{"line":100,"column":20},"end":{"line":100,"column":85},"skip":true},"27":{"start":{"line":101,"column":20},"end":{"line":101,"column":96},"skip":true},"28":{"start":{"line":103,"column":16},"end":{"line":103,"column":22},"skip":true},"29":{"start":{"line":106,"column":16},"end":{"line":106,"column":22},"skip":true},"30":{"start":{"line":108,"column":12},"end":{"line":120,"column":13},"skip":true},"31":{"start":{"line":114,"column":16},"end":{"line":119,"column":17},"skip":true},"32":{"start":{"line":116,"column":20},"end":{"line":116,"column":78},"skip":true},"33":{"start":{"line":118,"column":20},"end":{"line":118,"column":47},"skip":true},"34":{"start":{"line":123,"column":8},"end":{"line":141,"column":11},"skip":true},"35":{"start":{"line":124,"column":12},"end":{"line":124,"column":54},"skip":true},"36":{"start":{"line":125,"column":12},"end":{"line":140,"column":14},"skip":true},"37":{"start":{"line":126,"column":16},"end":{"line":126,"column":28},"skip":true},"38":{"start":{"line":127,"column":16},"end":{"line":127,"column":69},"skip":true},"39":{"start":{"line":128,"column":16},"end":{"line":128,"column":75},"skip":true},"40":{"start":{"line":129,"column":16},"end":{"line":131,"column":17},"skip":true},"41":{"start":{"line":130,"column":20},"end":{"line":130,"column":27},"skip":true},"42":{"start":{"line":133,"column":16},"end":{"line":137,"column":36},"skip":true},"43":{"start":{"line":134,"column":20},"end":{"line":136,"column":55},"skip":true},"44":{"start":{"line":139,"column":16},"end":{"line":139,"column":57},"skip":true},"45":{"start":{"line":143,"column":8},"end":{"line":147,"column":11},"skip":true},"46":{"start":{"line":144,"column":12},"end":{"line":146,"column":15},"skip":true},"47":{"start":{"line":145,"column":16},"end":{"line":145,"column":70},"skip":true},"48":{"start":{"line":149,"column":8},"end":{"line":149,"column":31},"skip":true},"49":{"start":{"line":150,"column":8},"end":{"line":150,"column":14},"skip":true},"50":{"start":{"line":158,"column":8},"end":{"line":158,"column":31},"skip":true},"51":{"start":{"line":160,"column":8},"end":{"line":160,"column":33},"skip":true},"52":{"start":{"line":161,"column":8},"end":{"line":161,"column":37},"skip":true},"53":{"start":{"line":162,"column":8},"end":{"line":162,"column":35},"skip":true},"54":{"start":{"line":164,"column":8},"end":{"line":164,"column":50},"skip":true},"55":{"start":{"line":166,"column":8},"end":{"line":256,"column":2},"skip":true},"56":{"start":{"line":258,"column":8},"end":{"line":286,"column":9},"skip":true},"57":{"start":{"line":259,"column":12},"end":{"line":269,"column":14},"skip":true},"58":{"start":{"line":271,"column":12},"end":{"line":285,"column":19},"skip":true},"59":{"start":{"line":274,"column":20},"end":{"line":274,"column":35},"skip":true},"60":{"start":{"line":275,"column":20},"end":{"line":284,"column":21},"skip":true},"61":{"start":{"line":277,"column":24},"end":{"line":277,"column":64},"skip":true},"62":{"start":{"line":279,"column":24},"end":{"line":279,"column":40},"skip":true},"63":{"start":{"line":281,"column":24},"end":{"line":281,"column":40},"skip":true},"64":{"start":{"line":283,"column":24},"end":{"line":283,"column":39},"skip":true},"65":{"start":{"line":288,"column":8},"end":{"line":290,"column":9},"skip":true},"66":{"start":{"line":289,"column":12},"end":{"line":289,"column":18},"skip":true},"67":{"start":{"line":291,"column":8},"end":{"line":293,"column":54},"skip":true},"68":{"start":{"line":296,"column":8},"end":{"line":301,"column":37},"skip":true},"69":{"start":{"line":303,"column":8},"end":{"line":303,"column":82},"skip":true},"70":{"start":{"line":306,"column":8},"end":{"line":308,"column":9},"skip":true},"71":{"start":{"line":307,"column":12},"end":{"line":307,"column":82},"skip":true},"72":{"start":{"line":310,"column":8},"end":{"line":312,"column":9},"skip":true},"73":{"start":{"line":311,"column":12},"end":{"line":311,"column":18},"skip":true},"74":{"start":{"line":313,"column":8},"end":{"line":313,"column":54},"skip":true},"75":{"start":{"line":314,"column":8},"end":{"line":314,"column":69},"skip":true},"76":{"start":{"line":315,"column":8},"end":{"line":323,"column":36},"skip":true},"77":{"start":{"line":316,"column":12},"end":{"line":316,"column":61},"skip":true},"78":{"start":{"line":317,"column":12},"end":{"line":320,"column":13},"skip":true},"79":{"start":{"line":318,"column":16},"end":{"line":318,"column":75},"skip":true},"80":{"start":{"line":319,"column":16},"end":{"line":319,"column":23},"skip":true},"81":{"start":{"line":321,"column":12},"end":{"line":321,"column":38},"skip":true},"82":{"start":{"line":322,"column":12},"end":{"line":322,"column":27},"skip":true},"83":{"start":{"line":324,"column":8},"end":{"line":324,"column":14},"skip":true}},"branchMap":{"1":{"line":39,"type":"binary-expr","locations":[{"start":{"line":39,"column":23},"end":{"line":39,"column":62}},{"start":{"line":40,"column":20},"end":{"line":40,"column":70}},{"start":{"line":41,"column":20},"end":{"line":41,"column":71}},{"start":{"line":42,"column":20},"end":{"line":42,"column":29}}]},"2":{"line":44,"type":"binary-expr","locations":[{"start":{"line":44,"column":23},"end":{"line":44,"column":37}},{"start":{"line":45,"column":20},"end":{"line":45,"column":61}},{"start":{"line":46,"column":20},"end":{"line":46,"column":70}},{"start":{"line":47,"column":20},"end":{"line":47,"column":26}}]},"3":{"line":51,"type":"cond-expr","locations":[{"start":{"line":52,"column":14},"end":{"line":52,"column":20}},{"start":{"line":53,"column":14},"end":{"line":53,"column":20}}]},"4":{"line":55,"type":"binary-expr","locations":[{"start":{"line":55,"column":16},"end":{"line":55,"column":44}},{"start":{"line":55,"column":49},"end":{"line":57,"column":43}}]},"5":{"line":55,"type":"cond-expr","locations":[{"start":{"line":56,"column":14},"end":{"line":56,"column":52}},{"start":{"line":57,"column":14},"end":{"line":57,"column":43}}]},"6":{"line":61,"type":"switch","locations":[{"start":{"line":68,"column":4},"end":{"line":150,"column":14},"skip":true},{"start":{"line":156,"column":4},"end":{"line":324,"column":14},"skip":true}]},"7":{"line":70,"type":"if","locations":[{"start":{"line":70,"column":12},"end":{"line":70,"column":12},"skip":true},{"start":{"line":70,"column":12},"end":{"line":70,"column":12},"skip":true}]},"8":{"line":70,"type":"binary-expr","locations":[{"start":{"line":70,"column":16},"end":{"line":70,"column":22},"skip":true},{"start":{"line":70,"column":27},"end":{"line":70,"column":32},"skip":true},{"start":{"line":71,"column":20},"end":{"line":71,"column":39},"skip":true},{"start":{"line":72,"column":20},"end":{"line":72,"column":49},"skip":true},{"start":{"line":73,"column":20},"end":{"line":73,"column":58},"skip":true},{"start":{"line":74,"column":20},"end":{"line":74,"column":69},"skip":true}]},"9":{"line":79,"type":"switch","locations":[{"start":{"line":80,"column":20},"end":{"line":80,"column":33},"skip":true},{"start":{"line":81,"column":20},"end":{"line":83,"column":30},"skip":true},{"start":{"line":84,"column":20},"end":{"line":85,"column":49},"skip":true}]},"10":{"line":89,"type":"switch","locations":[{"start":{"line":90,"column":12},"end":{"line":103,"column":22},"skip":true},{"start":{"line":105,"column":12},"end":{"line":106,"column":22},"skip":true}]},"11":{"line":89,"type":"binary-expr","locations":[{"start":{"line":89,"column":20},"end":{"line":89,"column":25},"skip":true},{"start":{"line":89,"column":29},"end":{"line":89,"column":48},"skip":true},{"start":{"line":89,"column":52},"end":{"line":89,"column":74},"skip":true}]},"12":{"line":92,"type":"if","locations":[{"start":{"line":92,"column":16},"end":{"line":92,"column":16},"skip":true},{"start":{"line":92,"column":16},"end":{"line":92,"column":16},"skip":true}]},"13":{"line":108,"type":"if","locations":[{"start":{"line":108,"column":12},"end":{"line":108,"column":12},"skip":true},{"start":{"line":108,"column":12},"end":{"line":108,"column":12},"skip":true}]},"14":{"line":108,"type":"binary-expr","locations":[{"start":{"line":108,"column":16},"end":{"line":108,"column":61},"skip":true},{"start":{"line":108,"column":66},"end":{"line":108,"column":72},"skip":true},{"start":{"line":108,"column":77},"end":{"line":108,"column":82},"skip":true},{"start":{"line":109,"column":20},"end":{"line":109,"column":39},"skip":true},{"start":{"line":110,"column":20},"end":{"line":110,"column":49},"skip":true},{"start":{"line":111,"column":20},"end":{"line":111,"column":58},"skip":true},{"start":{"line":112,"column":20},"end":{"line":112,"column":68},"skip":true}]},"15":{"line":129,"type":"if","locations":[{"start":{"line":129,"column":16},"end":{"line":129,"column":16},"skip":true},{"start":{"line":129,"column":16},"end":{"line":129,"column":16},"skip":true}]},"16":{"line":134,"type":"cond-expr","locations":[{"start":{"line":135,"column":26},"end":{"line":135,"column":29},"skip":true},{"start":{"line":136,"column":26},"end":{"line":136,"column":54},"skip":true}]},"17":{"line":164,"type":"binary-expr","locations":[{"start":{"line":164,"column":27},"end":{"line":164,"column":43},"skip":true},{"start":{"line":164,"column":47},"end":{"line":164,"column":49},"skip":true}]},"18":{"line":258,"type":"if","locations":[{"start":{"line":258,"column":8},"end":{"line":258,"column":8},"skip":true},{"start":{"line":258,"column":8},"end":{"line":258,"column":8},"skip":true}]},"19":{"line":275,"type":"switch","locations":[{"start":{"line":276,"column":20},"end":{"line":277,"column":64},"skip":true},{"start":{"line":278,"column":20},"end":{"line":279,"column":40},"skip":true},{"start":{"line":280,"column":20},"end":{"line":281,"column":40},"skip":true},{"start":{"line":282,"column":20},"end":{"line":283,"column":39},"skip":true}]},"20":{"line":288,"type":"if","locations":[{"start":{"line":288,"column":8},"end":{"line":288,"column":8},"skip":true},{"start":{"line":288,"column":8},"end":{"line":288,"column":8},"skip":true}]},"21":{"line":288,"type":"binary-expr","locations":[{"start":{"line":288,"column":12},"end":{"line":288,"column":40},"skip":true},{"start":{"line":288,"column":44},"end":{"line":288,"column":67},"skip":true}]},"22":{"line":292,"type":"binary-expr","locations":[{"start":{"line":292,"column":12},"end":{"line":292,"column":50},"skip":true},{"start":{"line":293,"column":12},"end":{"line":293,"column":53},"skip":true}]},"23":{"line":297,"type":"binary-expr","locations":[{"start":{"line":297,"column":12},"end":{"line":297,"column":66},"skip":true},{"start":{"line":298,"column":12},"end":{"line":301,"column":36},"skip":true}]},"24":{"line":303,"type":"binary-expr","locations":[{"start":{"line":303,"column":43},"end":{"line":303,"column":75},"skip":true},{"start":{"line":303,"column":79},"end":{"line":303,"column":81},"skip":true}]},"25":{"line":306,"type":"if","locations":[{"start":{"line":306,"column":8},"end":{"line":306,"column":8},"skip":true},{"start":{"line":306,"column":8},"end":{"line":306,"column":8},"skip":true}]},"26":{"line":310,"type":"if","locations":[{"start":{"line":310,"column":8},"end":{"line":310,"column":8},"skip":true},{"start":{"line":310,"column":8},"end":{"line":310,"column":8},"skip":true}]},"27":{"line":313,"type":"binary-expr","locations":[{"start":{"line":313,"column":27},"end":{"line":313,"column":43},"skip":true},{"start":{"line":313,"column":47},"end":{"line":313,"column":53},"skip":true}]},"28":{"line":317,"type":"if","locations":[{"start":{"line":317,"column":12},"end":{"line":317,"column":12},"skip":true},{"start":{"line":317,"column":12},"end":{"line":317,"column":12},"skip":true}]}},"code":["/*","example.js","","quickstart example","","instruction","    1. save this script as example.js","    2. run the shell command:","        $ npm install npmtest-node-wit && PORT=8081 node example.js","    3. play with the browser-demo on http://127.0.0.1:8081","*/","","","","/* istanbul instrument in package npmtest_node_wit */","/*jslint","    bitwise: true,","    browser: true,","    maxerr: 8,","    maxlen: 96,","    node: true,","    nomen: true,","    regexp: true,","    stupid: true","*/","(function () {","    'use strict';","    var local;","","","","    // run shared js-env code - init-before","    (function () {","        // init local","        local = {};","        // init modeJs","        local.modeJs = (function () {","            try {","                return typeof navigator.userAgent === 'string' &&","                    typeof document.querySelector('body') === 'object' &&","                    typeof XMLHttpRequest.prototype.open === 'function' &&","                    'browser';","            } catch (errorCaughtBrowser) {","                return module.exports &&","                    typeof process.versions.node === 'string' &&","                    typeof require('http').createServer === 'function' &&","                    'node';","            }","        }());","        // init global","        local.global = local.modeJs === 'browser'","            ? window","            : global;","        // init utility2_rollup","        local = local.global.utility2_rollup || (local.modeJs === 'browser'","            ? local.global.utility2_npmtest_node_wit","            : global.utility2_moduleExports);","        // export local","        local.global.local = local;","    }());","    switch (local.modeJs) {","","","","    // init-after","    // run browser js-env code - init-after","    /* istanbul ignore next */","    case 'browser':","        local.testRunBrowser = function (event) {","            if (!event || (event &&","                    event.currentTarget &&","                    event.currentTarget.className &&","                    event.currentTarget.className.includes &&","                    event.currentTarget.className.includes('onreset'))) {","                // reset output","                Array.from(","                    document.querySelectorAll('body > .resettable')","                ).forEach(function (element) {","                    switch (element.tagName) {","                    case 'INPUT':","                    case 'TEXTAREA':","                        element.value = '';","                        break;","                    default:","                        element.textContent = '';","                    }","                });","            }","            switch (event && event.currentTarget && event.currentTarget.id) {","            case 'testRunButton1':","                // show tests","                if (document.querySelector('#testReportDiv1').style.display === 'none') {","                    document.querySelector('#testReportDiv1').style.display = 'block';","                    document.querySelector('#testRunButton1').textContent =","                        'hide internal test';","                    local.modeTest = true;","                    local.testRunDefault(local);","                // hide tests","                } else {","                    document.querySelector('#testReportDiv1').style.display = 'none';","                    document.querySelector('#testRunButton1').textContent = 'run internal test';","                }","                break;","            // custom-case","            default:","                break;","            }","            if (document.querySelector('#inputTextareaEval1') && (!event || (event &&","                    event.currentTarget &&","                    event.currentTarget.className &&","                    event.currentTarget.className.includes &&","                    event.currentTarget.className.includes('oneval')))) {","                // try to eval input-code","                try {","                    /*jslint evil: true*/","                    eval(document.querySelector('#inputTextareaEval1').value);","                } catch (errorCaught) {","                    console.error(errorCaught);","                }","            }","        };","        // log stderr and stdout to #outputTextareaStdout1","        ['error', 'log'].forEach(function (key) {","            console[key + '_original'] = console[key];","            console[key] = function () {","                var element;","                console[key + '_original'].apply(console, arguments);","                element = document.querySelector('#outputTextareaStdout1');","                if (!element) {","                    return;","                }","                // append text to #outputTextareaStdout1","                element.value += Array.from(arguments).map(function (arg) {","                    return typeof arg === 'string'","                        ? arg","                        : JSON.stringify(arg, null, 4);","                }).join(' ') + '\\n';","                // scroll textarea to bottom","                element.scrollTop = element.scrollHeight;","            };","        });","        // init event-handling","        ['change', 'click', 'keyup'].forEach(function (event) {","            Array.from(document.querySelectorAll('.on' + event)).forEach(function (element) {","                element.addEventListener(event, local.testRunBrowser);","            });","        });","        // run tests","        local.testRunBrowser();","        break;","","","","    // run node js-env code - init-after","    /* istanbul ignore next */","    case 'node':","        // export local","        module.exports = local;","        // require modules","        local.fs = require('fs');","        local.http = require('http');","        local.url = require('url');","        // init assets","        local.assetsDict = local.assetsDict || {};","        /* jslint-ignore-begin */","        local.assetsDict['/assets.index.template.html'] = '\\","<!doctype html>\\n\\","<html lang=\"en\">\\n\\","<head>\\n\\","<meta charset=\"UTF-8\">\\n\\","<meta name=\"viewport\" content=\"width=device-width, initial-scale=1\">\\n\\","<title>{{env.npm_package_name}} (v{{env.npm_package_version}})</title>\\n\\","<style>\\n\\","/*csslint\\n\\","    box-sizing: false,\\n\\","    universal-selector: false\\n\\","*/\\n\\","* {\\n\\","    box-sizing: border-box;\\n\\","}\\n\\","body {\\n\\","    background: #dde;\\n\\","    font-family: Arial, Helvetica, sans-serif;\\n\\","    margin: 2rem;\\n\\","}\\n\\","body > * {\\n\\","    margin-bottom: 1rem;\\n\\","}\\n\\",".utility2FooterDiv {\\n\\","    margin-top: 20px;\\n\\","    text-align: center;\\n\\","}\\n\\","</style>\\n\\","<style>\\n\\","/*csslint\\n\\","*/\\n\\","textarea {\\n\\","    font-family: monospace;\\n\\","    height: 10rem;\\n\\","    width: 100%;\\n\\","}\\n\\","textarea[readonly] {\\n\\","    background: #ddd;\\n\\","}\\n\\","</style>\\n\\","</head>\\n\\","<body>\\n\\","<!-- utility2-comment\\n\\","<div id=\"ajaxProgressDiv1\" style=\"background: #d00; height: 2px; left: 0; margin: 0; padding: 0; position: fixed; top: 0; transition: background 0.5s, width 1.5s; width: 25%;\"></div>\\n\\","utility2-comment -->\\n\\","<h1>\\n\\","<!-- utility2-comment\\n\\","    <a\\n\\","        {{#if env.npm_package_homepage}}\\n\\","        href=\"{{env.npm_package_homepage}}\"\\n\\","        {{/if env.npm_package_homepage}}\\n\\","        target=\"_blank\"\\n\\","    >\\n\\","utility2-comment -->\\n\\","        {{env.npm_package_name}} (v{{env.npm_package_version}})\\n\\","<!-- utility2-comment\\n\\","    </a>\\n\\","utility2-comment -->\\n\\","</h1>\\n\\","<h3>{{env.npm_package_description}}</h3>\\n\\","<!-- utility2-comment\\n\\","<h4><a download href=\"assets.app.js\">download standalone app</a></h4>\\n\\","<button class=\"onclick onreset\" id=\"testRunButton1\">run internal test</button><br>\\n\\","<div id=\"testReportDiv1\" style=\"display: none;\"></div>\\n\\","utility2-comment -->\\n\\","\\n\\","\\n\\","\\n\\","<label>stderr and stdout</label>\\n\\","<textarea class=\"resettable\" id=\"outputTextareaStdout1\" readonly></textarea>\\n\\","<!-- utility2-comment\\n\\","{{#if isRollup}}\\n\\","<script src=\"assets.app.js\"></script>\\n\\","{{#unless isRollup}}\\n\\","utility2-comment -->\\n\\","<script src=\"assets.utility2.rollup.js\"></script>\\n\\","<script src=\"jsonp.utility2._stateInit?callback=window.utility2._stateInit\"></script>\\n\\","<script src=\"assets.npmtest_node_wit.rollup.js\"></script>\\n\\","<script src=\"assets.example.js\"></script>\\n\\","<script src=\"assets.test.js\"></script>\\n\\","<!-- utility2-comment\\n\\","{{/if isRollup}}\\n\\","utility2-comment -->\\n\\","<div class=\"utility2FooterDiv\">\\n\\","    [ this app was created with\\n\\","    <a href=\"https://github.com/kaizhu256/node-utility2\" target=\"_blank\">utility2</a>\\n\\","    ]\\n\\","</div>\\n\\","</body>\\n\\","</html>\\n\\","';","        /* jslint-ignore-end */","        if (local.templateRender) {","            local.assetsDict['/'] = local.templateRender(","                local.assetsDict['/assets.index.template.html'],","                {","                    env: local.objectSetDefault(local.env, {","                        npm_package_description: 'the greatest app in the world!',","                        npm_package_name: 'my-app',","                        npm_package_nameAlias: 'my_app',","                        npm_package_version: '0.0.1'","                    })","                }","            );","        } else {","            local.assetsDict['/'] = local.assetsDict['/assets.index.template.html']","                .replace((/\\{\\{env\\.(\\w+?)\\}\\}/g), function (match0, match1) {","                    // jslint-hack","                    String(match0);","                    switch (match1) {","                    case 'npm_package_description':","                        return 'the greatest app in the world!';","                    case 'npm_package_name':","                        return 'my-app';","                    case 'npm_package_nameAlias':","                        return 'my_app';","                    case 'npm_package_version':","                        return '0.0.1';","                    }","                });","        }","        // run the cli","        if (local.global.utility2_rollup || module !== require.main) {","            break;","        }","        local.assetsDict['/assets.example.js'] =","            local.assetsDict['/assets.example.js'] ||","            local.fs.readFileSync(__filename, 'utf8');","        // bug-workaround - long $npm_package_buildCustomOrg","        /* jslint-ignore-begin */","        local.assetsDict['/assets.npmtest_node_wit.rollup.js'] =","            local.assetsDict['/assets.npmtest_node_wit.rollup.js'] ||","            local.fs.readFileSync(","                local.npmtest_node_wit.__dirname + '/lib.npmtest_node_wit.js',","                'utf8'","            ).replace((/^#!/), '//');","        /* jslint-ignore-end */","        local.assetsDict['/favicon.ico'] = local.assetsDict['/favicon.ico'] || '';","        // if $npm_config_timeout_exit exists,","        // then exit this process after $npm_config_timeout_exit ms","        if (Number(process.env.npm_config_timeout_exit)) {","            setTimeout(process.exit, Number(process.env.npm_config_timeout_exit));","        }","        // start server","        if (local.global.utility2_serverHttp1) {","            break;","        }","        process.env.PORT = process.env.PORT || '8081';","        console.error('server starting on port ' + process.env.PORT);","        local.http.createServer(function (request, response) {","            request.urlParsed = local.url.parse(request.url);","            if (local.assetsDict[request.urlParsed.pathname] !== undefined) {","                response.end(local.assetsDict[request.urlParsed.pathname]);","                return;","            }","            response.statusCode = 404;","            response.end();","        }).listen(process.env.PORT);","        break;","    }","}());",""],"l":{"26":2,"28":2,"33":2,"35":2,"37":2,"38":2,"39":2,"44":1,"51":2,"55":2,"59":2,"61":2,"69":1,"70":2,"76":2,"79":2,"82":2,"83":2,"85":1,"89":2,"92":1,"93":1,"94":1,"96":1,"97":1,"100":1,"101":1,"103":1,"106":1,"108":2,"114":1,"116":1,"118":1,"123":1,"124":2,"125":2,"126":3,"127":3,"128":3,"129":3,"130":1,"133":3,"134":3,"139":3,"143":1,"144":3,"145":1,"149":1,"150":1,"158":1,"160":1,"161":1,"162":1,"164":1,"166":1,"258":1,"259":1,"271":1,"274":6,"275":6,"277":1,"279":2,"281":1,"283":2,"288":1,"289":1,"291":1,"296":1,"303":1,"306":1,"307":1,"310":1,"311":1,"313":1,"314":1,"315":1,"316":1,"317":1,"318":1,"319":1,"321":1,"322":1,"324":1}},"/home/travis/build/npmtest/node-npmtest-node-wit/node_modules/node-wit/index.js":{"path":"/home/travis/build/npmtest/node-npmtest-node-wit/node_modules/node-wit/index.js","s":{"1":1},"b":{},"f":{},"fnMap":{},"statementMap":{"1":{"start":{"line":3,"column":0},"end":{"line":7,"column":2}}},"branchMap":{},"code":["'use strict';","","module.exports = {","  log: require('./lib/log'),","  Wit: require('./lib/wit'),","  interactive: require('./lib/interactive')","};",""],"l":{"3":1}},"/home/travis/build/npmtest/node-npmtest-node-wit/node_modules/node-wit/lib/log.js":{"path":"/home/travis/build/npmtest/node-npmtest-node-wit/node_modules/node-wit/lib/log.js","s":{"1":1,"2":1,"3":4,"4":0,"5":4,"6":4,"7":1,"8":1,"9":1,"10":1,"11":1,"12":1,"13":1,"14":1,"15":0,"16":0,"17":0,"18":0,"19":0,"20":1},"b":{"1":[0,4],"2":[0,0],"3":[0,0]},"f":{"1":4,"2":0,"3":0,"4":0},"fnMap":{"1":{"name":"_defineProperty","line":5,"loc":{"start":{"line":5,"column":0},"end":{"line":5,"column":42}}},"2":{"name":"noop","line":14,"loc":{"start":{"line":14,"column":11},"end":{"line":14,"column":27}}},"3":{"name":"Logger","line":16,"loc":{"start":{"line":16,"column":13},"end":{"line":16,"column":34}}},"4":{"name":"(anonymous_4)","line":21,"loc":{"start":{"line":21,"column":17},"end":{"line":21,"column":30}}}},"statementMap":{"1":{"start":{"line":3,"column":0},"end":{"line":3,"column":11}},"2":{"start":{"line":5,"column":0},"end":{"line":5,"column":209}},"3":{"start":{"line":5,"column":44},"end":{"line":5,"column":195}},"4":{"start":{"line":5,"column":62},"end":{"line":5,"column":166}},"5":{"start":{"line":5,"column":176},"end":{"line":5,"column":193}},"6":{"start":{"line":5,"column":196},"end":{"line":5,"column":207}},"7":{"start":{"line":7,"column":0},"end":{"line":7,"column":20}},"8":{"start":{"line":8,"column":0},"end":{"line":8,"column":18}},"9":{"start":{"line":9,"column":0},"end":{"line":9,"column":18}},"10":{"start":{"line":10,"column":0},"end":{"line":10,"column":20}},"11":{"start":{"line":12,"column":0},"end":{"line":12,"column":40}},"12":{"start":{"line":13,"column":0},"end":{"line":13,"column":316}},"13":{"start":{"line":14,"column":0},"end":{"line":14,"column":30}},"14":{"start":{"line":16,"column":0},"end":{"line":25,"column":2}},"15":{"start":{"line":17,"column":2},"end":{"line":17,"column":19}},"16":{"start":{"line":19,"column":2},"end":{"line":19,"column":27}},"17":{"start":{"line":21,"column":2},"end":{"line":24,"column":5}},"18":{"start":{"line":22,"column":4},"end":{"line":22,"column":58}},"19":{"start":{"line":23,"column":4},"end":{"line":23,"column":40}},"20":{"start":{"line":27,"column":0},"end":{"line":27,"column":88}}},"branchMap":{"1":{"line":5,"type":"if","locations":[{"start":{"line":5,"column":44},"end":{"line":5,"column":44}},{"start":{"line":5,"column":44},"end":{"line":5,"column":44}}]},"2":{"line":19,"type":"binary-expr","locations":[{"start":{"line":19,"column":15},"end":{"line":19,"column":18}},{"start":{"line":19,"column":22},"end":{"line":19,"column":26}}]},"3":{"line":23,"type":"cond-expr","locations":[{"start":{"line":23,"column":24},"end":{"line":23,"column":32}},{"start":{"line":23,"column":35},"end":{"line":23,"column":39}}]}},"code":["'use strict';","","var _funcs;","","function _defineProperty(obj, key, value) { if (key in obj) { Object.defineProperty(obj, key, { value: value, enumerable: true, configurable: true, writable: true }); } else { obj[key] = value; } return obj; }","","var DEBUG = 'debug';","var INFO = 'info';","var WARN = 'warn';","var ERROR = 'error';","","var levels = [DEBUG, INFO, WARN, ERROR];","var funcs = (_funcs = {}, _defineProperty(_funcs, DEBUG, console.error.bind(console, '[wit][debug]')), _defineProperty(_funcs, INFO, console.log.bind(console, '[wit]')), _defineProperty(_funcs, WARN, console.warn.bind(console, '[wit]')), _defineProperty(_funcs, ERROR, console.error.bind(console, '[wit]')), _funcs);","var noop = function noop() {};","","var Logger = function Logger(lvl) {","  var _this = this;","","  this.level = lvl || INFO;","","  levels.forEach(function (x) {","    var should = levels.indexOf(x) >= levels.indexOf(lvl);","    _this[x] = should ? funcs[x] : noop;","  });","};","","module.exports = { Logger: Logger, DEBUG: DEBUG, INFO: INFO, WARN: WARN, ERROR: ERROR };"],"l":{"3":1,"5":4,"7":1,"8":1,"9":1,"10":1,"12":1,"13":1,"14":1,"16":1,"17":0,"19":0,"21":0,"22":0,"23":0,"27":1}},"/home/travis/build/npmtest/node-npmtest-node-wit/node_modules/node-wit/lib/wit.js":{"path":"/home/travis/build/npmtest/node-npmtest-node-wit/node_modules/node-wit/lib/wit.js","s":{"1":1,"2":0,"3":0,"4":1,"5":1,"6":0,"7":0,"8":0,"9":0,"10":0,"11":0,"12":0,"13":0,"14":0,"15":0,"16":0,"17":0,"18":0,"19":0,"20":0,"21":0,"22":0,"23":1,"24":0,"25":0,"26":0,"27":0,"28":0,"29":1,"30":1,"31":1,"32":1,"33":1,"34":0,"35":0,"36":0,"37":0,"38":0,"39":0,"40":0,"41":0,"42":0,"43":0,"44":0,"45":0,"46":0,"47":0,"48":0,"49":0,"50":0,"51":0,"52":0,"53":0,"54":0,"55":0,"56":0,"57":0,"58":0,"59":0,"60":0,"61":0,"62":0,"63":0,"64":0,"65":0,"66":0,"67":0,"68":0,"69":0,"70":0,"71":0,"72":0,"73":0,"74":0,"75":0,"76":0,"77":0,"78":0,"79":0,"80":0,"81":0,"82":0,"83":0,"84":0,"85":0,"86":0,"87":0,"88":0,"89":0,"90":0,"91":0,"92":0,"93":0,"94":0,"95":0,"96":0,"97":0,"98":0,"99":0,"100":0,"101":0,"102":0,"103":0,"104":0,"105":0,"106":0,"107":0,"108":1,"109":0,"110":0,"111":0,"112":0,"113":0,"114":0,"115":0,"116":0,"117":0,"118":0,"119":0,"120":0,"121":0,"122":0,"123":1,"124":0,"125":1,"126":0,"127":0,"128":1,"129":0,"130":0,"131":0,"132":0,"133":1,"134":0,"135":0,"136":0,"137":0,"138":0,"139":0,"140":0,"141":0,"142":0,"143":1,"144":0,"145":0,"146":0,"147":0,"148":0,"149":0,"150":0,"151":0,"152":0,"153":0,"154":0,"155":0,"156":0,"157":0,"158":0,"159":1,"160":0,"161":0,"162":0,"163":0,"164":0,"165":0,"166":0,"167":0,"168":0,"169":0,"170":0,"171":1},"b":{"1":[1,0],"2":[1,1],"3":[0,0],"4":[0,0,0,0],"5":[0,0],"6":[0,0],"7":[0,0],"8":[0,0],"9":[0,0],"10":[0,0],"11":[0,0],"12":[0,0],"13":[0,0],"14":[0,0],"15":[0,0],"16":[0,0],"17":[0,0],"18":[0,0],"19":[0,0],"20":[0,0],"21":[0,0],"22":[0,0],"23":[0,0],"24":[0,0],"25":[0,0],"26":[0,0],"27":[0,0],"28":[0,0],"29":[0,0],"30":[0,0],"31":[0,0],"32":[0,0],"33":[0,0],"34":[0,0,0],"35":[0,0],"36":[0,0],"37":[0,0],"38":[0,0],"39":[0,0],"40":[0,0],"41":[0,0],"42":[0,0],"43":[0,0],"44":[0,0],"45":[0,0],"46":[0,0],"47":[0,0],"48":[0,0,0,0,0,0],"49":[0,0],"50":[0,0],"51":[0,0],"52":[0,0],"53":[0,0],"54":[0,0],"55":[0,0],"56":[0,0],"57":[0,0]},"f":{"1":0,"2":0,"3":1,"4":0,"5":0,"6":0,"7":0,"8":0,"9":0,"10":0,"11":0,"12":0,"13":0,"14":0,"15":0,"16":0,"17":0,"18":0,"19":0,"20":0,"21":0,"22":0,"23":0,"24":0,"25":0,"26":0,"27":0,"28":0},"fnMap":{"1":{"name":"(anonymous_1)","line":3,"loc":{"start":{"line":3,"column":84},"end":{"line":3,"column":99}}},"2":{"name":"(anonymous_2)","line":3,"loc":{"start":{"line":3,"column":124},"end":{"line":3,"column":139}}},"3":{"name":"(anonymous_3)","line":5,"loc":{"start":{"line":5,"column":21},"end":{"line":5,"column":33}}},"4":{"name":"sliceIterator","line":5,"loc":{"start":{"line":5,"column":35},"end":{"line":5,"column":66}}},"5":{"name":"(anonymous_5)","line":5,"loc":{"start":{"line":5,"column":436},"end":{"line":5,"column":454}}},"6":{"name":"Wit","line":17,"loc":{"start":{"line":17,"column":0},"end":{"line":17,"column":19}}},"7":{"name":"(anonymous_7)","line":34,"loc":{"start":{"line":34,"column":17},"end":{"line":34,"column":45}}},"8":{"name":"(anonymous_8)","line":46,"loc":{"start":{"line":46,"column":12},"end":{"line":46,"column":32}}},"9":{"name":"(anonymous_9)","line":51,"loc":{"start":{"line":51,"column":18},"end":{"line":51,"column":64}}},"10":{"name":"(anonymous_10)","line":67,"loc":{"start":{"line":67,"column":12},"end":{"line":67,"column":32}}},"11":{"name":"continueRunActions","line":72,"loc":{"start":{"line":72,"column":27},"end":{"line":72,"column":107}}},"12":{"name":"(anonymous_12)","line":73,"loc":{"start":{"line":73,"column":11},"end":{"line":73,"column":27}}},"13":{"name":"(anonymous_13)","line":113,"loc":{"start":{"line":113,"column":66},"end":{"line":113,"column":81}}},"14":{"name":"(anonymous_14)","line":123,"loc":{"start":{"line":123,"column":61},"end":{"line":123,"column":76}}},"15":{"name":"(anonymous_15)","line":137,"loc":{"start":{"line":137,"column":20},"end":{"line":137,"column":69}}},"16":{"name":"cleanup","line":148,"loc":{"start":{"line":148,"column":18},"end":{"line":148,"column":40}}},"17":{"name":"makeWitResponseHandler","line":159,"loc":{"start":{"line":159,"column":29},"end":{"line":159,"column":79}}},"18":{"name":"(anonymous_18)","line":160,"loc":{"start":{"line":160,"column":9},"end":{"line":160,"column":24}}},"19":{"name":"error","line":161,"loc":{"start":{"line":161,"column":16},"end":{"line":161,"column":36}}},"20":{"name":"throwMustHaveActions","line":189,"loc":{"start":{"line":189,"column":27},"end":{"line":189,"column":59}}},"21":{"name":"throwIfActionMissing","line":193,"loc":{"start":{"line":193,"column":27},"end":{"line":193,"column":74}}},"22":{"name":"runAction","line":199,"loc":{"start":{"line":199,"column":16},"end":{"line":199,"column":50}}},"23":{"name":"validate","line":208,"loc":{"start":{"line":208,"column":15},"end":{"line":208,"column":39}}},"24":{"name":"validateActions","line":227,"loc":{"start":{"line":227,"column":22},"end":{"line":227,"column":64}}},"25":{"name":"(anonymous_25)","line":235,"loc":{"start":{"line":235,"column":31},"end":{"line":235,"column":46}}},"26":{"name":"clone","line":256,"loc":{"start":{"line":256,"column":12},"end":{"line":256,"column":32}}},"27":{"name":"(anonymous_27)","line":261,"loc":{"start":{"line":261,"column":17},"end":{"line":261,"column":29}}},"28":{"name":"(anonymous_28)","line":263,"loc":{"start":{"line":263,"column":33},"end":{"line":263,"column":46}}}},"statementMap":{"1":{"start":{"line":3,"column":0},"end":{"line":3,"column":269}},"2":{"start":{"line":3,"column":101},"end":{"line":3,"column":119}},"3":{"start":{"line":3,"column":141},"end":{"line":3,"column":266}},"4":{"start":{"line":5,"column":0},"end":{"line":5,"column":664}},"5":{"start":{"line":5,"column":35},"end":{"line":5,"column":428}},"6":{"start":{"line":5,"column":68},"end":{"line":5,"column":82}},"7":{"start":{"line":5,"column":83},"end":{"line":5,"column":97}},"8":{"start":{"line":5,"column":98},"end":{"line":5,"column":113}},"9":{"start":{"line":5,"column":114},"end":{"line":5,"column":133}},"10":{"start":{"line":5,"column":134},"end":{"line":5,"column":413}},"11":{"start":{"line":5,"column":140},"end":{"line":5,"column":283}},"12":{"start":{"line":5,"column":226},"end":{"line":5,"column":246}},"13":{"start":{"line":5,"column":247},"end":{"line":5,"column":281}},"14":{"start":{"line":5,"column":275},"end":{"line":5,"column":281}},"15":{"start":{"line":5,"column":300},"end":{"line":5,"column":310}},"16":{"start":{"line":5,"column":311},"end":{"line":5,"column":320}},"17":{"start":{"line":5,"column":333},"end":{"line":5,"column":411}},"18":{"start":{"line":5,"column":339},"end":{"line":5,"column":379}},"19":{"start":{"line":5,"column":364},"end":{"line":5,"column":379}},"20":{"start":{"line":5,"column":392},"end":{"line":5,"column":409}},"21":{"start":{"line":5,"column":400},"end":{"line":5,"column":409}},"22":{"start":{"line":5,"column":414},"end":{"line":5,"column":426}},"23":{"start":{"line":5,"column":429},"end":{"line":5,"column":659}},"24":{"start":{"line":5,"column":456},"end":{"line":5,"column":656}},"25":{"start":{"line":5,"column":482},"end":{"line":5,"column":493}},"26":{"start":{"line":5,"column":501},"end":{"line":5,"column":656}},"27":{"start":{"line":5,"column":539},"end":{"line":5,"column":568}},"28":{"start":{"line":5,"column":578},"end":{"line":5,"column":654}},"29":{"start":{"line":7,"column":0},"end":{"line":10,"column":47}},"30":{"start":{"line":12,"column":0},"end":{"line":12,"column":40}},"31":{"start":{"line":13,"column":0},"end":{"line":13,"column":27}},"32":{"start":{"line":15,"column":0},"end":{"line":15,"column":63}},"33":{"start":{"line":17,"column":0},"end":{"line":157,"column":1}},"34":{"start":{"line":18,"column":2},"end":{"line":18,"column":19}},"35":{"start":{"line":20,"column":2},"end":{"line":22,"column":3}},"36":{"start":{"line":21,"column":4},"end":{"line":21,"column":25}},"37":{"start":{"line":24,"column":2},"end":{"line":30,"column":30}},"38":{"start":{"line":32,"column":2},"end":{"line":32,"column":22}},"39":{"start":{"line":34,"column":2},"end":{"line":49,"column":4}},"40":{"start":{"line":35,"column":4},"end":{"line":35,"column":48}},"41":{"start":{"line":36,"column":4},"end":{"line":38,"column":5}},"42":{"start":{"line":37,"column":6},"end":{"line":37,"column":70}},"43":{"start":{"line":39,"column":4},"end":{"line":39,"column":23}},"44":{"start":{"line":40,"column":4},"end":{"line":40,"column":44}},"45":{"start":{"line":41,"column":4},"end":{"line":41,"column":60}},"46":{"start":{"line":42,"column":4},"end":{"line":42,"column":34}},"47":{"start":{"line":43,"column":4},"end":{"line":48,"column":21}},"48":{"start":{"line":47,"column":6},"end":{"line":47,"column":61}},"49":{"start":{"line":51,"column":2},"end":{"line":70,"column":4}},"50":{"start":{"line":52,"column":4},"end":{"line":52,"column":59}},"51":{"start":{"line":53,"column":4},"end":{"line":55,"column":5}},"52":{"start":{"line":54,"column":6},"end":{"line":54,"column":48}},"53":{"start":{"line":56,"column":4},"end":{"line":58,"column":5}},"54":{"start":{"line":57,"column":6},"end":{"line":57,"column":26}},"55":{"start":{"line":59,"column":4},"end":{"line":59,"column":24}},"56":{"start":{"line":60,"column":4},"end":{"line":60,"column":45}},"57":{"start":{"line":61,"column":4},"end":{"line":61,"column":61}},"58":{"start":{"line":62,"column":4},"end":{"line":62,"column":34}},"59":{"start":{"line":63,"column":4},"end":{"line":69,"column":21}},"60":{"start":{"line":68,"column":6},"end":{"line":68,"column":61}},"61":{"start":{"line":72,"column":2},"end":{"line":135,"column":4}},"62":{"start":{"line":73,"column":4},"end":{"line":134,"column":6}},"63":{"start":{"line":74,"column":6},"end":{"line":77,"column":7}},"64":{"start":{"line":75,"column":8},"end":{"line":75,"column":52}},"65":{"start":{"line":76,"column":8},"end":{"line":76,"column":27}},"66":{"start":{"line":78,"column":6},"end":{"line":80,"column":7}},"67":{"start":{"line":79,"column":8},"end":{"line":79,"column":27}},"68":{"start":{"line":81,"column":6},"end":{"line":83,"column":7}},"69":{"start":{"line":82,"column":8},"end":{"line":82,"column":63}},"70":{"start":{"line":85,"column":6},"end":{"line":85,"column":62}},"71":{"start":{"line":86,"column":6},"end":{"line":86,"column":50}},"72":{"start":{"line":89,"column":6},"end":{"line":92,"column":7}},"73":{"start":{"line":90,"column":8},"end":{"line":90,"column":29}},"74":{"start":{"line":91,"column":8},"end":{"line":91,"column":30}},"75":{"start":{"line":94,"column":6},"end":{"line":96,"column":7}},"76":{"start":{"line":95,"column":8},"end":{"line":95,"column":59}},"77":{"start":{"line":98,"column":6},"end":{"line":100,"column":7}},"78":{"start":{"line":99,"column":8},"end":{"line":99,"column":27}},"79":{"start":{"line":102,"column":6},"end":{"line":107,"column":8}},"80":{"start":{"line":108,"column":6},"end":{"line":133,"column":7}},"81":{"start":{"line":109,"column":8},"end":{"line":112,"column":10}},"82":{"start":{"line":113,"column":8},"end":{"line":121,"column":11}},"83":{"start":{"line":114,"column":10},"end":{"line":116,"column":11}},"84":{"start":{"line":115,"column":12},"end":{"line":115,"column":75}},"85":{"start":{"line":117,"column":10},"end":{"line":119,"column":11}},"86":{"start":{"line":118,"column":12},"end":{"line":118,"column":23}},"87":{"start":{"line":120,"column":10},"end":{"line":120,"column":143}},"88":{"start":{"line":122,"column":13},"end":{"line":133,"column":7}},"89":{"start":{"line":123,"column":8},"end":{"line":129,"column":11}},"90":{"start":{"line":124,"column":10},"end":{"line":124,"column":38}},"91":{"start":{"line":125,"column":10},"end":{"line":127,"column":11}},"92":{"start":{"line":126,"column":12},"end":{"line":126,"column":31}},"93":{"start":{"line":128,"column":10},"end":{"line":128,"column":143}},"94":{"start":{"line":131,"column":8},"end":{"line":131,"column":59}},"95":{"start":{"line":132,"column":8},"end":{"line":132,"column":62}},"96":{"start":{"line":137,"column":2},"end":{"line":156,"column":4}},"97":{"start":{"line":138,"column":4},"end":{"line":138,"column":22}},"98":{"start":{"line":140,"column":4},"end":{"line":140,"column":41}},"99":{"start":{"line":140,"column":18},"end":{"line":140,"column":41}},"100":{"start":{"line":141,"column":4},"end":{"line":141,"column":56}},"101":{"start":{"line":146,"column":4},"end":{"line":146,"column":62}},"102":{"start":{"line":147,"column":4},"end":{"line":147,"column":47}},"103":{"start":{"line":148,"column":4},"end":{"line":153,"column":6}},"104":{"start":{"line":149,"column":6},"end":{"line":151,"column":7}},"105":{"start":{"line":150,"column":8},"end":{"line":150,"column":43}},"106":{"start":{"line":152,"column":6},"end":{"line":152,"column":17}},"107":{"start":{"line":155,"column":4},"end":{"line":155,"column":165}},"108":{"start":{"line":159,"column":0},"end":{"line":187,"column":2}},"109":{"start":{"line":160,"column":2},"end":{"line":186,"column":4}},"110":{"start":{"line":161,"column":4},"end":{"line":164,"column":6}},"111":{"start":{"line":162,"column":6},"end":{"line":162,"column":55}},"112":{"start":{"line":163,"column":6},"end":{"line":163,"column":16}},"113":{"start":{"line":166,"column":4},"end":{"line":168,"column":5}},"114":{"start":{"line":167,"column":6},"end":{"line":167,"column":24}},"115":{"start":{"line":170,"column":4},"end":{"line":172,"column":25}},"116":{"start":{"line":174,"column":4},"end":{"line":176,"column":5}},"117":{"start":{"line":175,"column":6},"end":{"line":175,"column":25}},"118":{"start":{"line":178,"column":4},"end":{"line":178,"column":78}},"119":{"start":{"line":180,"column":4},"end":{"line":182,"column":5}},"120":{"start":{"line":181,"column":6},"end":{"line":181,"column":24}},"121":{"start":{"line":184,"column":4},"end":{"line":184,"column":73}},"122":{"start":{"line":185,"column":4},"end":{"line":185,"column":16}},"123":{"start":{"line":189,"column":0},"end":{"line":191,"column":2}},"124":{"start":{"line":190,"column":2},"end":{"line":190,"column":105}},"125":{"start":{"line":193,"column":0},"end":{"line":197,"column":2}},"126":{"start":{"line":194,"column":2},"end":{"line":196,"column":3}},"127":{"start":{"line":195,"column":4},"end":{"line":195,"column":59}},"128":{"start":{"line":199,"column":0},"end":{"line":206,"column":2}},"129":{"start":{"line":200,"column":2},"end":{"line":202,"column":3}},"130":{"start":{"line":201,"column":4},"end":{"line":201,"column":37}},"131":{"start":{"line":204,"column":2},"end":{"line":204,"column":38}},"132":{"start":{"line":205,"column":2},"end":{"line":205,"column":61}},"133":{"start":{"line":208,"column":0},"end":{"line":225,"column":2}},"134":{"start":{"line":209,"column":2},"end":{"line":211,"column":3}},"135":{"start":{"line":210,"column":4},"end":{"line":210,"column":86}},"136":{"start":{"line":212,"column":2},"end":{"line":212,"column":47}},"137":{"start":{"line":213,"column":2},"end":{"line":213,"column":59}},"138":{"start":{"line":214,"column":2},"end":{"line":218,"column":4}},"139":{"start":{"line":219,"column":2},"end":{"line":219,"column":56}},"140":{"start":{"line":220,"column":2},"end":{"line":222,"column":3}},"141":{"start":{"line":221,"column":4},"end":{"line":221,"column":62}},"142":{"start":{"line":224,"column":2},"end":{"line":224,"column":14}},"143":{"start":{"line":227,"column":0},"end":{"line":254,"column":2}},"144":{"start":{"line":228,"column":2},"end":{"line":230,"column":3}},"145":{"start":{"line":229,"column":4},"end":{"line":229,"column":65}},"146":{"start":{"line":231,"column":2},"end":{"line":233,"column":3}},"147":{"start":{"line":232,"column":4},"end":{"line":232,"column":68}},"148":{"start":{"line":235,"column":2},"end":{"line":251,"column":5}},"149":{"start":{"line":236,"column":4},"end":{"line":238,"column":5}},"150":{"start":{"line":237,"column":6},"end":{"line":237,"column":70}},"151":{"start":{"line":240,"column":4},"end":{"line":242,"column":5}},"152":{"start":{"line":241,"column":6},"end":{"line":241,"column":82}},"153":{"start":{"line":244,"column":4},"end":{"line":250,"column":5}},"154":{"start":{"line":245,"column":6},"end":{"line":247,"column":7}},"155":{"start":{"line":246,"column":8},"end":{"line":246,"column":105}},"156":{"start":{"line":248,"column":11},"end":{"line":250,"column":5}},"157":{"start":{"line":249,"column":6},"end":{"line":249,"column":96}},"158":{"start":{"line":253,"column":2},"end":{"line":253,"column":17}},"159":{"start":{"line":256,"column":0},"end":{"line":276,"column":2}},"160":{"start":{"line":257,"column":2},"end":{"line":275,"column":3}},"161":{"start":{"line":258,"column":4},"end":{"line":272,"column":5}},"162":{"start":{"line":259,"column":6},"end":{"line":259,"column":28}},"163":{"start":{"line":261,"column":6},"end":{"line":269,"column":10}},"164":{"start":{"line":262,"column":8},"end":{"line":262,"column":24}},"165":{"start":{"line":263,"column":8},"end":{"line":265,"column":11}},"166":{"start":{"line":264,"column":10},"end":{"line":264,"column":36}},"167":{"start":{"line":266,"column":8},"end":{"line":268,"column":10}},"168":{"start":{"line":271,"column":6},"end":{"line":271,"column":98}},"169":{"start":{"line":271,"column":84},"end":{"line":271,"column":98}},"170":{"start":{"line":274,"column":4},"end":{"line":274,"column":15}},"171":{"start":{"line":278,"column":0},"end":{"line":278,"column":21}}},"branchMap":{"1":{"line":3,"type":"cond-expr","locations":[{"start":{"line":3,"column":84},"end":{"line":3,"column":121}},{"start":{"line":3,"column":124},"end":{"line":3,"column":268}}]},"2":{"line":3,"type":"binary-expr","locations":[{"start":{"line":3,"column":14},"end":{"line":3,"column":42}},{"start":{"line":3,"column":46},"end":{"line":3,"column":81}}]},"3":{"line":3,"type":"cond-expr","locations":[{"start":{"line":3,"column":244},"end":{"line":3,"column":252}},{"start":{"line":3,"column":255},"end":{"line":3,"column":265}}]},"4":{"line":3,"type":"binary-expr","locations":[{"start":{"line":3,"column":148},"end":{"line":3,"column":151}},{"start":{"line":3,"column":155},"end":{"line":3,"column":183}},{"start":{"line":3,"column":187},"end":{"line":3,"column":213}},{"start":{"line":3,"column":217},"end":{"line":3,"column":241}}]},"5":{"line":5,"type":"if","locations":[{"start":{"line":5,"column":247},"end":{"line":5,"column":247}},{"start":{"line":5,"column":247},"end":{"line":5,"column":247}}]},"6":{"line":5,"type":"binary-expr","locations":[{"start":{"line":5,"column":251},"end":{"line":5,"column":252}},{"start":{"line":5,"column":256},"end":{"line":5,"column":273}}]},"7":{"line":5,"type":"if","locations":[{"start":{"line":5,"column":339},"end":{"line":5,"column":339}},{"start":{"line":5,"column":339},"end":{"line":5,"column":339}}]},"8":{"line":5,"type":"binary-expr","locations":[{"start":{"line":5,"column":343},"end":{"line":5,"column":346}},{"start":{"line":5,"column":350},"end":{"line":5,"column":362}}]},"9":{"line":5,"type":"if","locations":[{"start":{"line":5,"column":392},"end":{"line":5,"column":392}},{"start":{"line":5,"column":392},"end":{"line":5,"column":392}}]},"10":{"line":5,"type":"if","locations":[{"start":{"line":5,"column":456},"end":{"line":5,"column":456}},{"start":{"line":5,"column":456},"end":{"line":5,"column":456}}]},"11":{"line":5,"type":"if","locations":[{"start":{"line":5,"column":501},"end":{"line":5,"column":501}},{"start":{"line":5,"column":501},"end":{"line":5,"column":501}}]},"12":{"line":20,"type":"if","locations":[{"start":{"line":20,"column":2},"end":{"line":20,"column":2}},{"start":{"line":20,"column":2},"end":{"line":20,"column":2}}]},"13":{"line":36,"type":"if","locations":[{"start":{"line":36,"column":4},"end":{"line":36,"column":4}},{"start":{"line":36,"column":4},"end":{"line":36,"column":4}}]},"14":{"line":53,"type":"if","locations":[{"start":{"line":53,"column":4},"end":{"line":53,"column":4}},{"start":{"line":53,"column":4},"end":{"line":53,"column":4}}]},"15":{"line":56,"type":"if","locations":[{"start":{"line":56,"column":4},"end":{"line":56,"column":4}},{"start":{"line":56,"column":4},"end":{"line":56,"column":4}}]},"16":{"line":74,"type":"if","locations":[{"start":{"line":74,"column":6},"end":{"line":74,"column":6}},{"start":{"line":74,"column":6},"end":{"line":74,"column":6}}]},"17":{"line":78,"type":"if","locations":[{"start":{"line":78,"column":6},"end":{"line":78,"column":6}},{"start":{"line":78,"column":6},"end":{"line":78,"column":6}}]},"18":{"line":81,"type":"if","locations":[{"start":{"line":81,"column":6},"end":{"line":81,"column":6}},{"start":{"line":81,"column":6},"end":{"line":81,"column":6}}]},"19":{"line":89,"type":"if","locations":[{"start":{"line":89,"column":6},"end":{"line":89,"column":6}},{"start":{"line":89,"column":6},"end":{"line":89,"column":6}}]},"20":{"line":94,"type":"if","locations":[{"start":{"line":94,"column":6},"end":{"line":94,"column":6}},{"start":{"line":94,"column":6},"end":{"line":94,"column":6}}]},"21":{"line":98,"type":"if","locations":[{"start":{"line":98,"column":6},"end":{"line":98,"column":6}},{"start":{"line":98,"column":6},"end":{"line":98,"column":6}}]},"22":{"line":108,"type":"if","locations":[{"start":{"line":108,"column":6},"end":{"line":108,"column":6}},{"start":{"line":108,"column":6},"end":{"line":108,"column":6}}]},"23":{"line":114,"type":"if","locations":[{"start":{"line":114,"column":10},"end":{"line":114,"column":10}},{"start":{"line":114,"column":10},"end":{"line":114,"column":10}}]},"24":{"line":117,"type":"if","locations":[{"start":{"line":117,"column":10},"end":{"line":117,"column":10}},{"start":{"line":117,"column":10},"end":{"line":117,"column":10}}]},"25":{"line":122,"type":"if","locations":[{"start":{"line":122,"column":13},"end":{"line":122,"column":13}},{"start":{"line":122,"column":13},"end":{"line":122,"column":13}}]},"26":{"line":124,"type":"binary-expr","locations":[{"start":{"line":124,"column":28},"end":{"line":124,"column":31}},{"start":{"line":124,"column":35},"end":{"line":124,"column":37}}]},"27":{"line":125,"type":"if","locations":[{"start":{"line":125,"column":10},"end":{"line":125,"column":10}},{"start":{"line":125,"column":10},"end":{"line":125,"column":10}}]},"28":{"line":140,"type":"if","locations":[{"start":{"line":140,"column":4},"end":{"line":140,"column":4}},{"start":{"line":140,"column":4},"end":{"line":140,"column":4}}]},"29":{"line":141,"type":"cond-expr","locations":[{"start":{"line":141,"column":27},"end":{"line":141,"column":35}},{"start":{"line":141,"column":38},"end":{"line":141,"column":55}}]},"30":{"line":146,"type":"binary-expr","locations":[{"start":{"line":146,"column":26},"end":{"line":146,"column":51}},{"start":{"line":146,"column":55},"end":{"line":146,"column":56}}]},"31":{"line":149,"type":"if","locations":[{"start":{"line":149,"column":6},"end":{"line":149,"column":6}},{"start":{"line":149,"column":6},"end":{"line":149,"column":6}}]},"32":{"line":166,"type":"if","locations":[{"start":{"line":166,"column":4},"end":{"line":166,"column":4}},{"start":{"line":166,"column":4},"end":{"line":166,"column":4}}]},"33":{"line":174,"type":"if","locations":[{"start":{"line":174,"column":4},"end":{"line":174,"column":4}},{"start":{"line":174,"column":4},"end":{"line":174,"column":4}}]},"34":{"line":178,"type":"binary-expr","locations":[{"start":{"line":178,"column":14},"end":{"line":178,"column":24}},{"start":{"line":178,"column":28},"end":{"line":178,"column":42}},{"start":{"line":178,"column":46},"end":{"line":178,"column":77}}]},"35":{"line":180,"type":"if","locations":[{"start":{"line":180,"column":4},"end":{"line":180,"column":4}},{"start":{"line":180,"column":4},"end":{"line":180,"column":4}}]},"36":{"line":194,"type":"if","locations":[{"start":{"line":194,"column":2},"end":{"line":194,"column":2}},{"start":{"line":194,"column":2},"end":{"line":194,"column":2}}]},"37":{"line":209,"type":"if","locations":[{"start":{"line":209,"column":2},"end":{"line":209,"column":2}},{"start":{"line":209,"column":2},"end":{"line":209,"column":2}}]},"38":{"line":212,"type":"binary-expr","locations":[{"start":{"line":212,"column":16},"end":{"line":212,"column":27}},{"start":{"line":212,"column":31},"end":{"line":212,"column":46}}]},"39":{"line":213,"type":"binary-expr","locations":[{"start":{"line":213,"column":20},"end":{"line":213,"column":35}},{"start":{"line":213,"column":39},"end":{"line":213,"column":58}}]},"40":{"line":214,"type":"binary-expr","locations":[{"start":{"line":214,"column":17},"end":{"line":214,"column":29}},{"start":{"line":214,"column":33},"end":{"line":218,"column":3}}]},"41":{"line":219,"type":"binary-expr","locations":[{"start":{"line":219,"column":16},"end":{"line":219,"column":27}},{"start":{"line":219,"column":31},"end":{"line":219,"column":55}}]},"42":{"line":220,"type":"if","locations":[{"start":{"line":220,"column":2},"end":{"line":220,"column":2}},{"start":{"line":220,"column":2},"end":{"line":220,"column":2}}]},"43":{"line":228,"type":"if","locations":[{"start":{"line":228,"column":2},"end":{"line":228,"column":2}},{"start":{"line":228,"column":2},"end":{"line":228,"column":2}}]},"44":{"line":228,"type":"cond-expr","locations":[{"start":{"line":228,"column":40},"end":{"line":228,"column":51}},{"start":{"line":228,"column":54},"end":{"line":228,"column":70}}]},"45":{"line":231,"type":"if","locations":[{"start":{"line":231,"column":2},"end":{"line":231,"column":2}},{"start":{"line":231,"column":2},"end":{"line":231,"column":2}}]},"46":{"line":236,"type":"if","locations":[{"start":{"line":236,"column":4},"end":{"line":236,"column":4}},{"start":{"line":236,"column":4},"end":{"line":236,"column":4}}]},"47":{"line":240,"type":"if","locations":[{"start":{"line":240,"column":4},"end":{"line":240,"column":4}},{"start":{"line":240,"column":4},"end":{"line":240,"column":4}}]},"48":{"line":240,"type":"binary-expr","locations":[{"start":{"line":240,"column":8},"end":{"line":240,"column":21}},{"start":{"line":240,"column":25},"end":{"line":240,"column":48}},{"start":{"line":240,"column":52},"end":{"line":240,"column":67}},{"start":{"line":240,"column":71},"end":{"line":240,"column":94}},{"start":{"line":240,"column":98},"end":{"line":240,"column":113}},{"start":{"line":240,"column":117},"end":{"line":240,"column":140}}]},"49":{"line":244,"type":"if","locations":[{"start":{"line":244,"column":4},"end":{"line":244,"column":4}},{"start":{"line":244,"column":4},"end":{"line":244,"column":4}}]},"50":{"line":245,"type":"if","locations":[{"start":{"line":245,"column":6},"end":{"line":245,"column":6}},{"start":{"line":245,"column":6},"end":{"line":245,"column":6}}]},"51":{"line":248,"type":"if","locations":[{"start":{"line":248,"column":11},"end":{"line":248,"column":11}},{"start":{"line":248,"column":11},"end":{"line":248,"column":11}}]},"52":{"line":257,"type":"if","locations":[{"start":{"line":257,"column":2},"end":{"line":257,"column":2}},{"start":{"line":257,"column":2},"end":{"line":257,"column":2}}]},"53":{"line":257,"type":"binary-expr","locations":[{"start":{"line":257,"column":6},"end":{"line":257,"column":18}},{"start":{"line":257,"column":22},"end":{"line":257,"column":92}}]},"54":{"line":257,"type":"cond-expr","locations":[{"start":{"line":257,"column":52},"end":{"line":257,"column":63}},{"start":{"line":257,"column":66},"end":{"line":257,"column":78}}]},"55":{"line":258,"type":"if","locations":[{"start":{"line":258,"column":4},"end":{"line":258,"column":4}},{"start":{"line":258,"column":4},"end":{"line":258,"column":4}}]},"56":{"line":271,"type":"if","locations":[{"start":{"line":271,"column":6},"end":{"line":271,"column":6}},{"start":{"line":271,"column":6},"end":{"line":271,"column":6}}]},"57":{"line":271,"type":"cond-expr","locations":[{"start":{"line":271,"column":41},"end":{"line":271,"column":52}},{"start":{"line":271,"column":55},"end":{"line":271,"column":68}}]}},"code":["'use strict';","","var _typeof = typeof Symbol === \"function\" && typeof Symbol.iterator === \"symbol\" ? function (obj) { return typeof obj; } : function (obj) { return obj && typeof Symbol === \"function\" && obj.constructor === Symbol && obj !== Symbol.prototype ? \"symbol\" : typeof obj; };","","var _slicedToArray = function () { function sliceIterator(arr, i) { var _arr = []; var _n = true; var _d = false; var _e = undefined; try { for (var _i = arr[Symbol.iterator](), _s; !(_n = (_s = _i.next()).done); _n = true) { _arr.push(_s.value); if (i && _arr.length === i) break; } } catch (err) { _d = true; _e = err; } finally { try { if (!_n && _i[\"return\"]) _i[\"return\"](); } finally { if (_d) throw _e; } } return _arr; } return function (arr, i) { if (Array.isArray(arr)) { return arr; } else if (Symbol.iterator in Object(arr)) { return sliceIterator(arr, i); } else { throw new TypeError(\"Invalid attempt to destructure non-iterable instance\"); } }; }();","","var _require = require('./config'),","    DEFAULT_API_VERSION = _require.DEFAULT_API_VERSION,","    DEFAULT_MAX_STEPS = _require.DEFAULT_MAX_STEPS,","    DEFAULT_WIT_URL = _require.DEFAULT_WIT_URL;","","var fetch = require('isomorphic-fetch');","var log = require('./log');","","var learnMore = 'Learn more at https://wit.ai/docs/quickstart';","","function Wit(opts) {","  var _this = this;","","  if (!(this instanceof Wit)) {","    return new Wit(opts);","  }","","  var _config = this.config = Object.freeze(validate(opts)),","      accessToken = _config.accessToken,","      apiVersion = _config.apiVersion,","      actions = _config.actions,","      headers = _config.headers,","      logger = _config.logger,","      witURL = _config.witURL;","","  this._sessions = {};","","  this.message = function (message, context) {","    var qs = 'q=' + encodeURIComponent(message);","    if (context) {","      qs += '&context=' + encodeURIComponent(JSON.stringify(context));","    }","    var method = 'GET';","    var fullURL = witURL + '/message?' + qs;","    var handler = makeWitResponseHandler(logger, 'message');","    logger.debug(method, fullURL);","    return fetch(fullURL, {","      method: method,","      headers: headers","    }).then(function (response) {","      return Promise.all([response.json(), response.status]);","    }).then(handler);","  };","","  this.converse = function (sessionId, message, context, reset) {","    var qs = 'session_id=' + encodeURIComponent(sessionId);","    if (message) {","      qs += '&q=' + encodeURIComponent(message);","    }","    if (reset) {","      qs += '&reset=true';","    }","    var method = 'POST';","    var fullURL = witURL + '/converse?' + qs;","    var handler = makeWitResponseHandler(logger, 'converse');","    logger.debug(method, fullURL);","    return fetch(fullURL, {","      method: method,","      headers: headers,","      body: JSON.stringify(context)","    }).then(function (response) {","      return Promise.all([response.json(), response.status]);","    }).then(handler);","  };","","  var continueRunActions = function continueRunActions(sessionId, currentRequest, message, prevContext, i) {","    return function (json) {","      if (i < 0) {","        logger.warn('Max steps reached, stopping.');","        return prevContext;","      }","      if (currentRequest !== _this._sessions[sessionId]) {","        return prevContext;","      }","      if (!json.type) {","        throw new Error('Couldn\\'t find type in Wit response');","      }","","      logger.debug('Context: ' + JSON.stringify(prevContext));","      logger.debug('Response type: ' + json.type);","","      // backwards-compatibility with API version 20160516","      if (json.type === 'merge') {","        json.type = 'action';","        json.action = 'merge';","      }","","      if (json.type === 'error') {","        throw new Error('Oops, I don\\'t know what to do.');","      }","","      if (json.type === 'stop') {","        return prevContext;","      }","","      var request = {","        sessionId: sessionId,","        context: clone(prevContext),","        text: message,","        entities: json.entities","      };","      if (json.type === 'msg') {","        var response = {","          text: json.msg,","          quickreplies: json.quickreplies","        };","        return runAction(actions, 'send', request, response).then(function (ctx) {","          if (ctx) {","            throw new Error('Cannot update context after \\'send\\' action');","          }","          if (currentRequest !== _this._sessions[sessionId]) {","            return ctx;","          }","          return _this.converse(sessionId, null, prevContext).then(continueRunActions(sessionId, currentRequest, message, prevContext, i - 1));","        });","      } else if (json.type === 'action') {","        return runAction(actions, json.action, request).then(function (ctx) {","          var nextContext = ctx || {};","          if (currentRequest !== _this._sessions[sessionId]) {","            return nextContext;","          }","          return _this.converse(sessionId, null, nextContext).then(continueRunActions(sessionId, currentRequest, message, nextContext, i - 1));","        });","      } else {","        logger.debug('unknown response type ' + json.type);","        throw new Error('unknown response type ' + json.type);","      }","    };","  };","","  this.runActions = function (sessionId, message, context, maxSteps) {","    var _this2 = this;","","    if (!actions) throwMustHaveActions();","    var steps = maxSteps ? maxSteps : DEFAULT_MAX_STEPS;","    // Figuring out whether we need to reset the last turn.","    // Each new call increments an index for the session.","    // We only care about the last call to runActions.","    // All the previous ones are discarded (preemptive exit).","    var currentRequest = (this._sessions[sessionId] || 0) + 1;","    this._sessions[sessionId] = currentRequest;","    var cleanup = function cleanup(ctx) {","      if (currentRequest === _this2._sessions[sessionId]) {","        delete _this2._sessions[sessionId];","      }","      return ctx;","    };","","    return this.converse(sessionId, message, context, currentRequest > 1).then(continueRunActions(sessionId, currentRequest, message, context, steps)).then(cleanup);","  };","};","","var makeWitResponseHandler = function makeWitResponseHandler(logger, endpoint) {","  return function (rsp) {","    var error = function error(err) {","      logger.error('[' + endpoint + '] Error: ' + err);","      throw err;","    };","","    if (rsp instanceof Error) {","      return error(rsp);","    }","","    var _rsp = _slicedToArray(rsp, 2),","        json = _rsp[0],","        status = _rsp[1];","","    if (json instanceof Error) {","      return error(json);","    }","","    var err = json.error || status !== 200 && json.body + ' (' + status + ')';","","    if (err) {","      return error(err);","    }","","    logger.debug('[' + endpoint + '] Response: ' + JSON.stringify(json));","    return json;","  };","};","","var throwMustHaveActions = function throwMustHaveActions() {","  throw new Error('You must provide the `actions` parameter to be able to use runActions. ' + learnMore);","};","","var throwIfActionMissing = function throwIfActionMissing(actions, action) {","  if (!actions[action]) {","    throw new Error('No \\'' + action + '\\' action found.');","  }","};","","var runAction = function runAction(actions, name) {","  for (var _len = arguments.length, rest = Array(_len > 2 ? _len - 2 : 0), _key = 2; _key < _len; _key++) {","    rest[_key - 2] = arguments[_key];","  }","","  throwIfActionMissing(actions, name);","  return Promise.resolve(actions[name].apply(actions, rest));","};","","var validate = function validate(opts) {","  if (!opts.accessToken) {","    throw new Error('Could not find access token, learn more at https://wit.ai/docs');","  }","  opts.witURL = opts.witURL || DEFAULT_WIT_URL;","  opts.apiVersion = opts.apiVersion || DEFAULT_API_VERSION;","  opts.headers = opts.headers || {","    'Authorization': 'Bearer ' + opts.accessToken,","    'Accept': 'application/vnd.wit.' + opts.apiVersion + '+json',","    'Content-Type': 'application/json'","  };","  opts.logger = opts.logger || new log.Logger(log.INFO);","  if (opts.actions) {","    opts.actions = validateActions(opts.logger, opts.actions);","  }","","  return opts;","};","","var validateActions = function validateActions(logger, actions) {","  if ((typeof actions === 'undefined' ? 'undefined' : _typeof(actions)) !== 'object') {","    throw new Error('Actions should be an object. ' + learnMore);","  }","  if (!actions.send) {","    throw new Error('The \\'send\\' action is missing. ' + learnMore);","  }","","  Object.keys(actions).forEach(function (key) {","    if (typeof actions[key] !== 'function') {","      logger.warn('The \\'' + key + '\\' action should be a function.');","    }","","    if (key === 'say' && actions[key].length > 2 || key === 'merge' && actions[key].length > 2 || key === 'error' && actions[key].length > 2) {","      logger.warn('The \\'' + key + '\\' action has been deprecated. ' + learnMore);","    }","","    if (key === 'send') {","      if (actions[key].length !== 2) {","        logger.warn('The \\'send\\' action should accept 2 arguments: request and response. ' + learnMore);","      }","    } else if (actions[key].length !== 1) {","      logger.warn('The \\'' + key + '\\' action should accept 1 argument: request. ' + learnMore);","    }","  });","","  return actions;","};","","var clone = function clone(obj) {","  if (obj !== null && (typeof obj === 'undefined' ? 'undefined' : _typeof(obj)) === 'object') {","    if (Array.isArray(obj)) {","      return obj.map(clone);","    } else {","      var _ret = function () {","        var newObj = {};","        Object.keys(obj).forEach(function (k) {","          newObj[k] = clone(obj[k]);","        });","        return {","          v: newObj","        };","      }();","","      if ((typeof _ret === 'undefined' ? 'undefined' : _typeof(_ret)) === \"object\") return _ret.v;","    }","  } else {","    return obj;","  }","};","","module.exports = Wit;"],"l":{"3":1,"5":1,"7":1,"12":1,"13":1,"15":1,"17":1,"18":0,"20":0,"21":0,"24":0,"32":0,"34":0,"35":0,"36":0,"37":0,"39":0,"40":0,"41":0,"42":0,"43":0,"47":0,"51":0,"52":0,"53":0,"54":0,"56":0,"57":0,"59":0,"60":0,"61":0,"62":0,"63":0,"68":0,"72":0,"73":0,"74":0,"75":0,"76":0,"78":0,"79":0,"81":0,"82":0,"85":0,"86":0,"89":0,"90":0,"91":0,"94":0,"95":0,"98":0,"99":0,"102":0,"108":0,"109":0,"113":0,"114":0,"115":0,"117":0,"118":0,"120":0,"122":0,"123":0,"124":0,"125":0,"126":0,"128":0,"131":0,"132":0,"137":0,"138":0,"140":0,"141":0,"146":0,"147":0,"148":0,"149":0,"150":0,"152":0,"155":0,"159":1,"160":0,"161":0,"162":0,"163":0,"166":0,"167":0,"170":0,"174":0,"175":0,"178":0,"180":0,"181":0,"184":0,"185":0,"189":1,"190":0,"193":1,"194":0,"195":0,"199":1,"200":0,"201":0,"204":0,"205":0,"208":1,"209":0,"210":0,"212":0,"213":0,"214":0,"219":0,"220":0,"221":0,"224":0,"227":1,"228":0,"229":0,"231":0,"232":0,"235":0,"236":0,"237":0,"240":0,"241":0,"244":0,"245":0,"246":0,"248":0,"249":0,"253":0,"256":1,"257":0,"258":0,"259":0,"261":0,"262":0,"263":0,"264":0,"266":0,"271":0,"274":0,"278":1}},"/home/travis/build/npmtest/node-npmtest-node-wit/node_modules/node-wit/lib/config.js":{"path":"/home/travis/build/npmtest/node-npmtest-node-wit/node_modules/node-wit/lib/config.js","s":{"1":1},"b":{},"f":{},"fnMap":{},"statementMap":{"1":{"start":{"line":3,"column":0},"end":{"line":7,"column":2}}},"branchMap":{},"code":["'use strict';","","module.exports = {","  DEFAULT_API_VERSION: '20160516',","  DEFAULT_MAX_STEPS: 5,","  DEFAULT_WIT_URL: 'https://api.wit.ai'","};"],"l":{"3":1}},"/home/travis/build/npmtest/node-npmtest-node-wit/node_modules/node-wit/lib/interactive.js":{"path":"/home/travis/build/npmtest/node-npmtest-node-wit/node_modules/node-wit/lib/interactive.js","s":{"1":1,"2":0,"3":0,"4":1,"5":1,"6":1,"7":1,"8":1,"9":0,"10":0,"11":0,"12":0,"13":0,"14":0,"15":0,"16":0,"17":0,"18":0,"19":0,"20":0,"21":0,"22":0,"23":0,"24":0,"25":0},"b":{"1":[1,0],"2":[1,1],"3":[0,0],"4":[0,0,0,0],"5":[0,0],"6":[0,0],"7":[0,0],"8":[0,0]},"f":{"1":0,"2":0,"3":0,"4":0,"5":0,"6":0,"7":0},"fnMap":{"1":{"name":"(anonymous_1)","line":3,"loc":{"start":{"line":3,"column":84},"end":{"line":3,"column":99}}},"2":{"name":"(anonymous_2)","line":3,"loc":{"start":{"line":3,"column":124},"end":{"line":3,"column":139}}},"3":{"name":"(anonymous_3)","line":12,"loc":{"start":{"line":12,"column":17},"end":{"line":12,"column":55}}},"4":{"name":"prompt","line":22,"loc":{"start":{"line":22,"column":15},"end":{"line":22,"column":33}}},"5":{"name":"(anonymous_5)","line":27,"loc":{"start":{"line":27,"column":16},"end":{"line":27,"column":32}}},"6":{"name":"(anonymous_6)","line":32,"loc":{"start":{"line":32,"column":57},"end":{"line":32,"column":72}}},"7":{"name":"(anonymous_7)","line":35,"loc":{"start":{"line":35,"column":13},"end":{"line":35,"column":28}}}},"statementMap":{"1":{"start":{"line":3,"column":0},"end":{"line":3,"column":269}},"2":{"start":{"line":3,"column":101},"end":{"line":3,"column":119}},"3":{"start":{"line":3,"column":141},"end":{"line":3,"column":266}},"4":{"start":{"line":5,"column":0},"end":{"line":6,"column":51}},"5":{"start":{"line":8,"column":0},"end":{"line":8,"column":33}},"6":{"start":{"line":9,"column":0},"end":{"line":9,"column":35}},"7":{"start":{"line":10,"column":0},"end":{"line":10,"column":27}},"8":{"start":{"line":12,"column":0},"end":{"line":39,"column":2}},"9":{"start":{"line":13,"column":2},"end":{"line":13,"column":122}},"10":{"start":{"line":14,"column":2},"end":{"line":14,"column":28}},"11":{"start":{"line":16,"column":2},"end":{"line":16,"column":54}},"12":{"start":{"line":17,"column":2},"end":{"line":20,"column":5}},"13":{"start":{"line":21,"column":2},"end":{"line":21,"column":21}},"14":{"start":{"line":22,"column":2},"end":{"line":25,"column":4}},"15":{"start":{"line":23,"column":4},"end":{"line":23,"column":16}},"16":{"start":{"line":24,"column":4},"end":{"line":24,"column":46}},"17":{"start":{"line":26,"column":2},"end":{"line":26,"column":11}},"18":{"start":{"line":27,"column":2},"end":{"line":38,"column":5}},"19":{"start":{"line":28,"column":4},"end":{"line":28,"column":23}},"20":{"start":{"line":29,"column":4},"end":{"line":31,"column":5}},"21":{"start":{"line":30,"column":6},"end":{"line":30,"column":22}},"22":{"start":{"line":32,"column":4},"end":{"line":37,"column":7}},"23":{"start":{"line":33,"column":6},"end":{"line":33,"column":20}},"24":{"start":{"line":34,"column":6},"end":{"line":34,"column":15}},"25":{"start":{"line":36,"column":6},"end":{"line":36,"column":32}}},"branchMap":{"1":{"line":3,"type":"cond-expr","locations":[{"start":{"line":3,"column":84},"end":{"line":3,"column":121}},{"start":{"line":3,"column":124},"end":{"line":3,"column":268}}]},"2":{"line":3,"type":"binary-expr","locations":[{"start":{"line":3,"column":14},"end":{"line":3,"column":42}},{"start":{"line":3,"column":46},"end":{"line":3,"column":81}}]},"3":{"line":3,"type":"cond-expr","locations":[{"start":{"line":3,"column":244},"end":{"line":3,"column":252}},{"start":{"line":3,"column":255},"end":{"line":3,"column":265}}]},"4":{"line":3,"type":"binary-expr","locations":[{"start":{"line":3,"column":148},"end":{"line":3,"column":151}},{"start":{"line":3,"column":155},"end":{"line":3,"column":183}},{"start":{"line":3,"column":187},"end":{"line":3,"column":213}},{"start":{"line":3,"column":217},"end":{"line":3,"column":241}}]},"5":{"line":13,"type":"cond-expr","locations":[{"start":{"line":13,"column":105},"end":{"line":13,"column":116}},{"start":{"line":13,"column":119},"end":{"line":13,"column":121}}]},"6":{"line":13,"type":"cond-expr","locations":[{"start":{"line":13,"column":54},"end":{"line":13,"column":65}},{"start":{"line":13,"column":68},"end":{"line":13,"column":88}}]},"7":{"line":16,"type":"cond-expr","locations":[{"start":{"line":16,"column":25},"end":{"line":16,"column":33}},{"start":{"line":16,"column":36},"end":{"line":16,"column":53}}]},"8":{"line":29,"type":"if","locations":[{"start":{"line":29,"column":4},"end":{"line":29,"column":4}},{"start":{"line":29,"column":4},"end":{"line":29,"column":4}}]}},"code":["'use strict';","","var _typeof = typeof Symbol === \"function\" && typeof Symbol.iterator === \"symbol\" ? function (obj) { return typeof obj; } : function (obj) { return obj && typeof Symbol === \"function\" && obj.constructor === Symbol && obj !== Symbol.prototype ? \"symbol\" : typeof obj; };","","var _require = require('./config'),","    DEFAULT_MAX_STEPS = _require.DEFAULT_MAX_STEPS;","","var logger = require('./log.js');","var readline = require('readline');","var uuid = require('uuid');","","module.exports = function (wit, initContext, maxSteps) {","  var context = (typeof initContext === 'undefined' ? 'undefined' : _typeof(initContext)) === 'object' ? initContext : {};","  var sessionId = uuid.v1();","","  var steps = maxSteps ? maxSteps : DEFAULT_MAX_STEPS;","  var rl = readline.createInterface({","    input: process.stdin,","    output: process.stdout","  });","  rl.setPrompt('> ');","  var prompt = function prompt() {","    rl.prompt();","    rl.write(null, { ctrl: true, name: 'e' });","  };","  prompt();","  rl.on('line', function (line) {","    line = line.trim();","    if (!line) {","      return prompt();","    }","    wit.runActions(sessionId, line, context, steps).then(function (ctx) {","      context = ctx;","      prompt();","    }).catch(function (err) {","      return console.error(err);","    });","  });","};"],"l":{"3":1,"5":1,"8":1,"9":1,"10":1,"12":1,"13":0,"14":0,"16":0,"17":0,"21":0,"22":0,"23":0,"24":0,"26":0,"27":0,"28":0,"29":0,"30":0,"32":0,"33":0,"34":0,"36":0}}}